[2024-12-04 18:35:05] local.ERROR: syntax error, unexpected end of file {"exception":"[object] (ParseError(code: 0): syntax error, unexpected end of file at /home/dam/Melissa-AED/APIREST/institutoapi/routes/web.php:23)
[stacktrace]
#0 /home/dam/Melissa-AED/APIREST/institutoapi/vendor/laravel/framework/src/Illuminate/Routing/Router.php(511): Illuminate\\Routing\\RouteFileRegistrar->register()
#1 /home/dam/Melissa-AED/APIREST/institutoapi/vendor/laravel/framework/src/Illuminate/Routing/Router.php(465): Illuminate\\Routing\\Router->loadRoutes()
#2 /home/dam/Melissa-AED/APIREST/institutoapi/vendor/laravel/framework/src/Illuminate/Routing/RouteRegistrar.php(194): Illuminate\\Routing\\Router->group()
#3 /home/dam/Melissa-AED/APIREST/institutoapi/app/Providers/RouteServiceProvider.php(37): Illuminate\\Routing\\RouteRegistrar->group()
#4 /home/dam/Melissa-AED/APIREST/institutoapi/vendor/laravel/framework/src/Illuminate/Container/BoundMethod.php(36): App\\Providers\\RouteServiceProvider->App\\Providers\\{closure}()
#5 /home/dam/Melissa-AED/APIREST/institutoapi/vendor/laravel/framework/src/Illuminate/Container/Util.php(41): Illuminate\\Container\\BoundMethod::Illuminate\\Container\\{closure}()
#6 /home/dam/Melissa-AED/APIREST/institutoapi/vendor/laravel/framework/src/Illuminate/Container/BoundMethod.php(81): Illuminate\\Container\\Util::unwrapIfClosure()
#7 /home/dam/Melissa-AED/APIREST/institutoapi/vendor/laravel/framework/src/Illuminate/Container/BoundMethod.php(37): Illuminate\\Container\\BoundMethod::callBoundMethod()
#8 /home/dam/Melissa-AED/APIREST/institutoapi/vendor/laravel/framework/src/Illuminate/Container/Container.php(662): Illuminate\\Container\\BoundMethod::call()
#9 /home/dam/Melissa-AED/APIREST/institutoapi/vendor/laravel/framework/src/Illuminate/Foundation/Support/Providers/RouteServiceProvider.php(120): Illuminate\\Container\\Container->call()
#10 /home/dam/Melissa-AED/APIREST/institutoapi/vendor/laravel/framework/src/Illuminate/Foundation/Support/Providers/RouteServiceProvider.php(45): Illuminate\\Foundation\\Support\\Providers\\RouteServiceProvider->loadRoutes()
#11 /home/dam/Melissa-AED/APIREST/institutoapi/vendor/laravel/framework/src/Illuminate/Container/BoundMethod.php(36): Illuminate\\Foundation\\Support\\Providers\\RouteServiceProvider->Illuminate\\Foundation\\Support\\Providers\\{closure}()
#12 /home/dam/Melissa-AED/APIREST/institutoapi/vendor/laravel/framework/src/Illuminate/Container/Util.php(41): Illuminate\\Container\\BoundMethod::Illuminate\\Container\\{closure}()
#13 /home/dam/Melissa-AED/APIREST/institutoapi/vendor/laravel/framework/src/Illuminate/Container/BoundMethod.php(81): Illuminate\\Container\\Util::unwrapIfClosure()
#14 /home/dam/Melissa-AED/APIREST/institutoapi/vendor/laravel/framework/src/Illuminate/Container/BoundMethod.php(37): Illuminate\\Container\\BoundMethod::callBoundMethod()
#15 /home/dam/Melissa-AED/APIREST/institutoapi/vendor/laravel/framework/src/Illuminate/Container/Container.php(662): Illuminate\\Container\\BoundMethod::call()
#16 /home/dam/Melissa-AED/APIREST/institutoapi/vendor/laravel/framework/src/Illuminate/Support/ServiceProvider.php(119): Illuminate\\Container\\Container->call()
#17 /home/dam/Melissa-AED/APIREST/institutoapi/vendor/laravel/framework/src/Illuminate/Foundation/Application.php(1039): Illuminate\\Support\\ServiceProvider->callBootedCallbacks()
#18 /home/dam/Melissa-AED/APIREST/institutoapi/vendor/laravel/framework/src/Illuminate/Foundation/Application.php(1017): Illuminate\\Foundation\\Application->bootProvider()
#19 [internal function]: Illuminate\\Foundation\\Application->Illuminate\\Foundation\\{closure}()
#20 /home/dam/Melissa-AED/APIREST/institutoapi/vendor/laravel/framework/src/Illuminate/Foundation/Application.php(1018): array_walk()
#21 /home/dam/Melissa-AED/APIREST/institutoapi/vendor/laravel/framework/src/Illuminate/Foundation/Bootstrap/BootProviders.php(17): Illuminate\\Foundation\\Application->boot()
#22 /home/dam/Melissa-AED/APIREST/institutoapi/vendor/laravel/framework/src/Illuminate/Foundation/Application.php(263): Illuminate\\Foundation\\Bootstrap\\BootProviders->bootstrap()
#23 /home/dam/Melissa-AED/APIREST/institutoapi/vendor/laravel/framework/src/Illuminate/Foundation/Console/Kernel.php(447): Illuminate\\Foundation\\Application->bootstrapWith()
#24 /home/dam/Melissa-AED/APIREST/institutoapi/vendor/laravel/framework/src/Illuminate/Foundation/Console/Kernel.php(199): Illuminate\\Foundation\\Console\\Kernel->bootstrap()
#25 Command line code(1): Illuminate\\Foundation\\Console\\Kernel->handle()
#26 {main}
"} 
[2024-12-04 18:35:05] local.ERROR: syntax error, unexpected end of file {"exception":"[object] (ParseError(code: 0): syntax error, unexpected end of file at /home/dam/Melissa-AED/APIREST/institutoapi/routes/web.php:23)
[stacktrace]
#0 /home/dam/Melissa-AED/APIREST/institutoapi/vendor/laravel/framework/src/Illuminate/Routing/Router.php(511): Illuminate\\Routing\\RouteFileRegistrar->register()
#1 /home/dam/Melissa-AED/APIREST/institutoapi/vendor/laravel/framework/src/Illuminate/Routing/Router.php(465): Illuminate\\Routing\\Router->loadRoutes()
#2 /home/dam/Melissa-AED/APIREST/institutoapi/vendor/laravel/framework/src/Illuminate/Routing/RouteRegistrar.php(194): Illuminate\\Routing\\Router->group()
#3 /home/dam/Melissa-AED/APIREST/institutoapi/app/Providers/RouteServiceProvider.php(37): Illuminate\\Routing\\RouteRegistrar->group()
#4 /home/dam/Melissa-AED/APIREST/institutoapi/vendor/laravel/framework/src/Illuminate/Container/BoundMethod.php(36): App\\Providers\\RouteServiceProvider->App\\Providers\\{closure}()
#5 /home/dam/Melissa-AED/APIREST/institutoapi/vendor/laravel/framework/src/Illuminate/Container/Util.php(41): Illuminate\\Container\\BoundMethod::Illuminate\\Container\\{closure}()
#6 /home/dam/Melissa-AED/APIREST/institutoapi/vendor/laravel/framework/src/Illuminate/Container/BoundMethod.php(81): Illuminate\\Container\\Util::unwrapIfClosure()
#7 /home/dam/Melissa-AED/APIREST/institutoapi/vendor/laravel/framework/src/Illuminate/Container/BoundMethod.php(37): Illuminate\\Container\\BoundMethod::callBoundMethod()
#8 /home/dam/Melissa-AED/APIREST/institutoapi/vendor/laravel/framework/src/Illuminate/Container/Container.php(662): Illuminate\\Container\\BoundMethod::call()
#9 /home/dam/Melissa-AED/APIREST/institutoapi/vendor/laravel/framework/src/Illuminate/Foundation/Support/Providers/RouteServiceProvider.php(120): Illuminate\\Container\\Container->call()
#10 /home/dam/Melissa-AED/APIREST/institutoapi/vendor/laravel/framework/src/Illuminate/Foundation/Support/Providers/RouteServiceProvider.php(45): Illuminate\\Foundation\\Support\\Providers\\RouteServiceProvider->loadRoutes()
#11 /home/dam/Melissa-AED/APIREST/institutoapi/vendor/laravel/framework/src/Illuminate/Container/BoundMethod.php(36): Illuminate\\Foundation\\Support\\Providers\\RouteServiceProvider->Illuminate\\Foundation\\Support\\Providers\\{closure}()
#12 /home/dam/Melissa-AED/APIREST/institutoapi/vendor/laravel/framework/src/Illuminate/Container/Util.php(41): Illuminate\\Container\\BoundMethod::Illuminate\\Container\\{closure}()
#13 /home/dam/Melissa-AED/APIREST/institutoapi/vendor/laravel/framework/src/Illuminate/Container/BoundMethod.php(81): Illuminate\\Container\\Util::unwrapIfClosure()
#14 /home/dam/Melissa-AED/APIREST/institutoapi/vendor/laravel/framework/src/Illuminate/Container/BoundMethod.php(37): Illuminate\\Container\\BoundMethod::callBoundMethod()
#15 /home/dam/Melissa-AED/APIREST/institutoapi/vendor/laravel/framework/src/Illuminate/Container/Container.php(662): Illuminate\\Container\\BoundMethod::call()
#16 /home/dam/Melissa-AED/APIREST/institutoapi/vendor/laravel/framework/src/Illuminate/Support/ServiceProvider.php(119): Illuminate\\Container\\Container->call()
#17 /home/dam/Melissa-AED/APIREST/institutoapi/vendor/laravel/framework/src/Illuminate/Foundation/Application.php(1039): Illuminate\\Support\\ServiceProvider->callBootedCallbacks()
#18 /home/dam/Melissa-AED/APIREST/institutoapi/vendor/laravel/framework/src/Illuminate/Foundation/Application.php(1017): Illuminate\\Foundation\\Application->bootProvider()
#19 [internal function]: Illuminate\\Foundation\\Application->Illuminate\\Foundation\\{closure}()
#20 /home/dam/Melissa-AED/APIREST/institutoapi/vendor/laravel/framework/src/Illuminate/Foundation/Application.php(1018): array_walk()
#21 /home/dam/Melissa-AED/APIREST/institutoapi/vendor/laravel/framework/src/Illuminate/Foundation/Bootstrap/BootProviders.php(17): Illuminate\\Foundation\\Application->boot()
#22 /home/dam/Melissa-AED/APIREST/institutoapi/vendor/laravel/framework/src/Illuminate/Foundation/Application.php(263): Illuminate\\Foundation\\Bootstrap\\BootProviders->bootstrap()
#23 /home/dam/Melissa-AED/APIREST/institutoapi/vendor/laravel/framework/src/Illuminate/Foundation/Console/Kernel.php(447): Illuminate\\Foundation\\Application->bootstrapWith()
#24 /home/dam/Melissa-AED/APIREST/institutoapi/vendor/laravel/framework/src/Illuminate/Foundation/Console/Kernel.php(199): Illuminate\\Foundation\\Console\\Kernel->bootstrap()
#25 Command line code(1): Illuminate\\Foundation\\Console\\Kernel->handle()
#26 {main}
"} 
[2024-12-04 18:35:08] local.ERROR: syntax error, unexpected end of file {"exception":"[object] (ParseError(code: 0): syntax error, unexpected end of file at /home/dam/Melissa-AED/APIREST/institutoapi/routes/web.php:23)
[stacktrace]
#0 /home/dam/Melissa-AED/APIREST/institutoapi/vendor/laravel/framework/src/Illuminate/Routing/Router.php(511): Illuminate\\Routing\\RouteFileRegistrar->register()
#1 /home/dam/Melissa-AED/APIREST/institutoapi/vendor/laravel/framework/src/Illuminate/Routing/Router.php(465): Illuminate\\Routing\\Router->loadRoutes()
#2 /home/dam/Melissa-AED/APIREST/institutoapi/vendor/laravel/framework/src/Illuminate/Routing/RouteRegistrar.php(194): Illuminate\\Routing\\Router->group()
#3 /home/dam/Melissa-AED/APIREST/institutoapi/app/Providers/RouteServiceProvider.php(37): Illuminate\\Routing\\RouteRegistrar->group()
#4 /home/dam/Melissa-AED/APIREST/institutoapi/vendor/laravel/framework/src/Illuminate/Container/BoundMethod.php(36): App\\Providers\\RouteServiceProvider->App\\Providers\\{closure}()
#5 /home/dam/Melissa-AED/APIREST/institutoapi/vendor/laravel/framework/src/Illuminate/Container/Util.php(41): Illuminate\\Container\\BoundMethod::Illuminate\\Container\\{closure}()
#6 /home/dam/Melissa-AED/APIREST/institutoapi/vendor/laravel/framework/src/Illuminate/Container/BoundMethod.php(81): Illuminate\\Container\\Util::unwrapIfClosure()
#7 /home/dam/Melissa-AED/APIREST/institutoapi/vendor/laravel/framework/src/Illuminate/Container/BoundMethod.php(37): Illuminate\\Container\\BoundMethod::callBoundMethod()
#8 /home/dam/Melissa-AED/APIREST/institutoapi/vendor/laravel/framework/src/Illuminate/Container/Container.php(662): Illuminate\\Container\\BoundMethod::call()
#9 /home/dam/Melissa-AED/APIREST/institutoapi/vendor/laravel/framework/src/Illuminate/Foundation/Support/Providers/RouteServiceProvider.php(120): Illuminate\\Container\\Container->call()
#10 /home/dam/Melissa-AED/APIREST/institutoapi/vendor/laravel/framework/src/Illuminate/Foundation/Support/Providers/RouteServiceProvider.php(45): Illuminate\\Foundation\\Support\\Providers\\RouteServiceProvider->loadRoutes()
#11 /home/dam/Melissa-AED/APIREST/institutoapi/vendor/laravel/framework/src/Illuminate/Container/BoundMethod.php(36): Illuminate\\Foundation\\Support\\Providers\\RouteServiceProvider->Illuminate\\Foundation\\Support\\Providers\\{closure}()
#12 /home/dam/Melissa-AED/APIREST/institutoapi/vendor/laravel/framework/src/Illuminate/Container/Util.php(41): Illuminate\\Container\\BoundMethod::Illuminate\\Container\\{closure}()
#13 /home/dam/Melissa-AED/APIREST/institutoapi/vendor/laravel/framework/src/Illuminate/Container/BoundMethod.php(81): Illuminate\\Container\\Util::unwrapIfClosure()
#14 /home/dam/Melissa-AED/APIREST/institutoapi/vendor/laravel/framework/src/Illuminate/Container/BoundMethod.php(37): Illuminate\\Container\\BoundMethod::callBoundMethod()
#15 /home/dam/Melissa-AED/APIREST/institutoapi/vendor/laravel/framework/src/Illuminate/Container/Container.php(662): Illuminate\\Container\\BoundMethod::call()
#16 /home/dam/Melissa-AED/APIREST/institutoapi/vendor/laravel/framework/src/Illuminate/Support/ServiceProvider.php(119): Illuminate\\Container\\Container->call()
#17 /home/dam/Melissa-AED/APIREST/institutoapi/vendor/laravel/framework/src/Illuminate/Foundation/Application.php(1039): Illuminate\\Support\\ServiceProvider->callBootedCallbacks()
#18 /home/dam/Melissa-AED/APIREST/institutoapi/vendor/laravel/framework/src/Illuminate/Foundation/Application.php(1017): Illuminate\\Foundation\\Application->bootProvider()
#19 [internal function]: Illuminate\\Foundation\\Application->Illuminate\\Foundation\\{closure}()
#20 /home/dam/Melissa-AED/APIREST/institutoapi/vendor/laravel/framework/src/Illuminate/Foundation/Application.php(1018): array_walk()
#21 /home/dam/Melissa-AED/APIREST/institutoapi/vendor/laravel/framework/src/Illuminate/Foundation/Bootstrap/BootProviders.php(17): Illuminate\\Foundation\\Application->boot()
#22 /home/dam/Melissa-AED/APIREST/institutoapi/vendor/laravel/framework/src/Illuminate/Foundation/Application.php(263): Illuminate\\Foundation\\Bootstrap\\BootProviders->bootstrap()
#23 /home/dam/Melissa-AED/APIREST/institutoapi/vendor/laravel/framework/src/Illuminate/Foundation/Console/Kernel.php(447): Illuminate\\Foundation\\Application->bootstrapWith()
#24 /home/dam/Melissa-AED/APIREST/institutoapi/vendor/laravel/framework/src/Illuminate/Foundation/Console/Kernel.php(199): Illuminate\\Foundation\\Console\\Kernel->bootstrap()
#25 Command line code(1): Illuminate\\Foundation\\Console\\Kernel->handle()
#26 {main}
"} 
[2024-12-05 18:20:18] local.ERROR: SQLSTATE[HY000] [2002] Connection refused {"exception":"[object] (PDOException(code: 2002): SQLSTATE[HY000] [2002] Connection refused at /home/dam/Melissa-AED/APIREST/institutoapi/vendor/laravel/framework/src/Illuminate/Database/Connectors/Connector.php:65)
[stacktrace]
#0 /home/dam/Melissa-AED/APIREST/institutoapi/vendor/laravel/framework/src/Illuminate/Database/Connectors/Connector.php(65): PDO->__construct()
#1 /home/dam/Melissa-AED/APIREST/institutoapi/vendor/laravel/framework/src/Illuminate/Database/Connectors/Connector.php(83): Illuminate\\Database\\Connectors\\Connector->createPdoConnection()
#2 /home/dam/Melissa-AED/APIREST/institutoapi/vendor/laravel/framework/src/Illuminate/Database/Connectors/Connector.php(49): Illuminate\\Database\\Connectors\\Connector->tryAgainIfCausedByLostConnection()
#3 /home/dam/Melissa-AED/APIREST/institutoapi/vendor/laravel/framework/src/Illuminate/Database/Connectors/MySqlConnector.php(24): Illuminate\\Database\\Connectors\\Connector->createConnection()
#4 /home/dam/Melissa-AED/APIREST/institutoapi/vendor/laravel/framework/src/Illuminate/Database/Connectors/ConnectionFactory.php(184): Illuminate\\Database\\Connectors\\MySqlConnector->connect()
#5 [internal function]: Illuminate\\Database\\Connectors\\ConnectionFactory->Illuminate\\Database\\Connectors\\{closure}()
#6 /home/dam/Melissa-AED/APIREST/institutoapi/vendor/laravel/framework/src/Illuminate/Database/Connection.php(1339): call_user_func()
#7 /home/dam/Melissa-AED/APIREST/institutoapi/vendor/laravel/framework/src/Illuminate/Database/Connection.php(1288): Illuminate\\Database\\Connection->getPdo()
#8 /home/dam/Melissa-AED/APIREST/institutoapi/vendor/laravel/framework/src/Illuminate/Database/Connection.php(1272): Illuminate\\Database\\Connection->getDoctrineConnection()
#9 /home/dam/Melissa-AED/APIREST/institutoapi/vendor/krlove/eloquent-model-generator/src/TypeRegistry.php(53): Illuminate\\Database\\Connection->getDoctrineSchemaManager()
#10 /home/dam/Melissa-AED/APIREST/institutoapi/vendor/krlove/eloquent-model-generator/src/TypeRegistry.php(35): Krlove\\EloquentModelGenerator\\TypeRegistry->registerDoctrineTypeMapping()
#11 [internal function]: Krlove\\EloquentModelGenerator\\TypeRegistry->__construct()
#12 /home/dam/Melissa-AED/APIREST/institutoapi/vendor/laravel/framework/src/Illuminate/Container/Container.php(952): ReflectionClass->newInstanceArgs()
#13 /home/dam/Melissa-AED/APIREST/institutoapi/vendor/laravel/framework/src/Illuminate/Container/Container.php(293): Illuminate\\Container\\Container->build()
#14 /home/dam/Melissa-AED/APIREST/institutoapi/vendor/laravel/framework/src/Illuminate/Container/Container.php(908): Illuminate\\Container\\Container->Illuminate\\Container\\{closure}()
#15 /home/dam/Melissa-AED/APIREST/institutoapi/vendor/laravel/framework/src/Illuminate/Container/Container.php(795): Illuminate\\Container\\Container->build()
#16 /home/dam/Melissa-AED/APIREST/institutoapi/vendor/laravel/framework/src/Illuminate/Foundation/Application.php(963): Illuminate\\Container\\Container->resolve()
#17 /home/dam/Melissa-AED/APIREST/institutoapi/vendor/laravel/framework/src/Illuminate/Container/Container.php(731): Illuminate\\Foundation\\Application->resolve()
#18 /home/dam/Melissa-AED/APIREST/institutoapi/vendor/laravel/framework/src/Illuminate/Foundation/Application.php(948): Illuminate\\Container\\Container->make()
#19 /home/dam/Melissa-AED/APIREST/institutoapi/vendor/laravel/framework/src/Illuminate/Container/Container.php(1066): Illuminate\\Foundation\\Application->make()
#20 /home/dam/Melissa-AED/APIREST/institutoapi/vendor/laravel/framework/src/Illuminate/Container/Container.php(982): Illuminate\\Container\\Container->resolveClass()
#21 /home/dam/Melissa-AED/APIREST/institutoapi/vendor/laravel/framework/src/Illuminate/Container/Container.php(943): Illuminate\\Container\\Container->resolveDependencies()
#22 /home/dam/Melissa-AED/APIREST/institutoapi/vendor/laravel/framework/src/Illuminate/Container/Container.php(795): Illuminate\\Container\\Container->build()
#23 /home/dam/Melissa-AED/APIREST/institutoapi/vendor/laravel/framework/src/Illuminate/Foundation/Application.php(963): Illuminate\\Container\\Container->resolve()
#24 /home/dam/Melissa-AED/APIREST/institutoapi/vendor/laravel/framework/src/Illuminate/Container/Container.php(731): Illuminate\\Foundation\\Application->resolve()
#25 /home/dam/Melissa-AED/APIREST/institutoapi/vendor/laravel/framework/src/Illuminate/Foundation/Application.php(948): Illuminate\\Container\\Container->make()
#26 /home/dam/Melissa-AED/APIREST/institutoapi/vendor/laravel/framework/src/Illuminate/Container/Container.php(544): Illuminate\\Foundation\\Application->make()
#27 [internal function]: Illuminate\\Container\\Container->Illuminate\\Container\\{closure}()
#28 /home/dam/Melissa-AED/APIREST/institutoapi/vendor/krlove/eloquent-model-generator/src/Generator.php(23): iterator_to_array()
#29 /home/dam/Melissa-AED/APIREST/institutoapi/vendor/krlove/eloquent-model-generator/src/Provider/GeneratorServiceProvider.php(44): Krlove\\EloquentModelGenerator\\Generator->__construct()
#30 /home/dam/Melissa-AED/APIREST/institutoapi/vendor/laravel/framework/src/Illuminate/Container/Container.php(908): Krlove\\EloquentModelGenerator\\Provider\\GeneratorServiceProvider->Krlove\\EloquentModelGenerator\\Provider\\{closure}()
#31 /home/dam/Melissa-AED/APIREST/institutoapi/vendor/laravel/framework/src/Illuminate/Container/Container.php(795): Illuminate\\Container\\Container->build()
#32 /home/dam/Melissa-AED/APIREST/institutoapi/vendor/laravel/framework/src/Illuminate/Foundation/Application.php(963): Illuminate\\Container\\Container->resolve()
#33 /home/dam/Melissa-AED/APIREST/institutoapi/vendor/laravel/framework/src/Illuminate/Container/Container.php(731): Illuminate\\Foundation\\Application->resolve()
#34 /home/dam/Melissa-AED/APIREST/institutoapi/vendor/laravel/framework/src/Illuminate/Foundation/Application.php(948): Illuminate\\Container\\Container->make()
#35 /home/dam/Melissa-AED/APIREST/institutoapi/vendor/laravel/framework/src/Illuminate/Container/Container.php(1066): Illuminate\\Foundation\\Application->make()
#36 /home/dam/Melissa-AED/APIREST/institutoapi/vendor/laravel/framework/src/Illuminate/Container/Container.php(982): Illuminate\\Container\\Container->resolveClass()
#37 /home/dam/Melissa-AED/APIREST/institutoapi/vendor/laravel/framework/src/Illuminate/Container/Container.php(943): Illuminate\\Container\\Container->resolveDependencies()
#38 /home/dam/Melissa-AED/APIREST/institutoapi/vendor/laravel/framework/src/Illuminate/Container/Container.php(795): Illuminate\\Container\\Container->build()
#39 /home/dam/Melissa-AED/APIREST/institutoapi/vendor/laravel/framework/src/Illuminate/Foundation/Application.php(963): Illuminate\\Container\\Container->resolve()
#40 /home/dam/Melissa-AED/APIREST/institutoapi/vendor/laravel/framework/src/Illuminate/Container/Container.php(731): Illuminate\\Foundation\\Application->resolve()
#41 /home/dam/Melissa-AED/APIREST/institutoapi/vendor/laravel/framework/src/Illuminate/Foundation/Application.php(948): Illuminate\\Container\\Container->make()
#42 /home/dam/Melissa-AED/APIREST/institutoapi/vendor/laravel/framework/src/Illuminate/Console/Application.php(251): Illuminate\\Foundation\\Application->make()
#43 /home/dam/Melissa-AED/APIREST/institutoapi/vendor/laravel/framework/src/Illuminate/Console/Application.php(265): Illuminate\\Console\\Application->resolve()
#44 /home/dam/Melissa-AED/APIREST/institutoapi/vendor/laravel/framework/src/Illuminate/Support/ServiceProvider.php(404): Illuminate\\Console\\Application->resolveCommands()
#45 /home/dam/Melissa-AED/APIREST/institutoapi/vendor/laravel/framework/src/Illuminate/Console/Application.php(130): Illuminate\\Support\\ServiceProvider->Illuminate\\Support\\{closure}()
#46 /home/dam/Melissa-AED/APIREST/institutoapi/vendor/laravel/framework/src/Illuminate/Console/Application.php(77): Illuminate\\Console\\Application->bootstrap()
#47 /home/dam/Melissa-AED/APIREST/institutoapi/vendor/laravel/framework/src/Illuminate/Foundation/Console/Kernel.php(481): Illuminate\\Console\\Application->__construct()
#48 /home/dam/Melissa-AED/APIREST/institutoapi/vendor/laravel/framework/src/Illuminate/Foundation/Console/Kernel.php(201): Illuminate\\Foundation\\Console\\Kernel->getArtisan()
#49 Command line code(1): Illuminate\\Foundation\\Console\\Kernel->handle()
#50 {main}
"} 
[2024-12-05 18:20:18] local.ERROR: SQLSTATE[HY000] [2002] Connection refused {"exception":"[object] (PDOException(code: 2002): SQLSTATE[HY000] [2002] Connection refused at /home/dam/Melissa-AED/APIREST/institutoapi/vendor/laravel/framework/src/Illuminate/Database/Connectors/Connector.php:65)
[stacktrace]
#0 /home/dam/Melissa-AED/APIREST/institutoapi/vendor/laravel/framework/src/Illuminate/Database/Connectors/Connector.php(65): PDO->__construct()
#1 /home/dam/Melissa-AED/APIREST/institutoapi/vendor/laravel/framework/src/Illuminate/Database/Connectors/Connector.php(83): Illuminate\\Database\\Connectors\\Connector->createPdoConnection()
#2 /home/dam/Melissa-AED/APIREST/institutoapi/vendor/laravel/framework/src/Illuminate/Database/Connectors/Connector.php(49): Illuminate\\Database\\Connectors\\Connector->tryAgainIfCausedByLostConnection()
#3 /home/dam/Melissa-AED/APIREST/institutoapi/vendor/laravel/framework/src/Illuminate/Database/Connectors/MySqlConnector.php(24): Illuminate\\Database\\Connectors\\Connector->createConnection()
#4 /home/dam/Melissa-AED/APIREST/institutoapi/vendor/laravel/framework/src/Illuminate/Database/Connectors/ConnectionFactory.php(184): Illuminate\\Database\\Connectors\\MySqlConnector->connect()
#5 [internal function]: Illuminate\\Database\\Connectors\\ConnectionFactory->Illuminate\\Database\\Connectors\\{closure}()
#6 /home/dam/Melissa-AED/APIREST/institutoapi/vendor/laravel/framework/src/Illuminate/Database/Connection.php(1339): call_user_func()
#7 /home/dam/Melissa-AED/APIREST/institutoapi/vendor/laravel/framework/src/Illuminate/Database/Connection.php(1288): Illuminate\\Database\\Connection->getPdo()
#8 /home/dam/Melissa-AED/APIREST/institutoapi/vendor/laravel/framework/src/Illuminate/Database/Connection.php(1272): Illuminate\\Database\\Connection->getDoctrineConnection()
#9 /home/dam/Melissa-AED/APIREST/institutoapi/vendor/krlove/eloquent-model-generator/src/TypeRegistry.php(53): Illuminate\\Database\\Connection->getDoctrineSchemaManager()
#10 /home/dam/Melissa-AED/APIREST/institutoapi/vendor/krlove/eloquent-model-generator/src/TypeRegistry.php(35): Krlove\\EloquentModelGenerator\\TypeRegistry->registerDoctrineTypeMapping()
#11 [internal function]: Krlove\\EloquentModelGenerator\\TypeRegistry->__construct()
#12 /home/dam/Melissa-AED/APIREST/institutoapi/vendor/laravel/framework/src/Illuminate/Container/Container.php(952): ReflectionClass->newInstanceArgs()
#13 /home/dam/Melissa-AED/APIREST/institutoapi/vendor/laravel/framework/src/Illuminate/Container/Container.php(293): Illuminate\\Container\\Container->build()
#14 /home/dam/Melissa-AED/APIREST/institutoapi/vendor/laravel/framework/src/Illuminate/Container/Container.php(908): Illuminate\\Container\\Container->Illuminate\\Container\\{closure}()
#15 /home/dam/Melissa-AED/APIREST/institutoapi/vendor/laravel/framework/src/Illuminate/Container/Container.php(795): Illuminate\\Container\\Container->build()
#16 /home/dam/Melissa-AED/APIREST/institutoapi/vendor/laravel/framework/src/Illuminate/Foundation/Application.php(963): Illuminate\\Container\\Container->resolve()
#17 /home/dam/Melissa-AED/APIREST/institutoapi/vendor/laravel/framework/src/Illuminate/Container/Container.php(731): Illuminate\\Foundation\\Application->resolve()
#18 /home/dam/Melissa-AED/APIREST/institutoapi/vendor/laravel/framework/src/Illuminate/Foundation/Application.php(948): Illuminate\\Container\\Container->make()
#19 /home/dam/Melissa-AED/APIREST/institutoapi/vendor/laravel/framework/src/Illuminate/Container/Container.php(1066): Illuminate\\Foundation\\Application->make()
#20 /home/dam/Melissa-AED/APIREST/institutoapi/vendor/laravel/framework/src/Illuminate/Container/Container.php(982): Illuminate\\Container\\Container->resolveClass()
#21 /home/dam/Melissa-AED/APIREST/institutoapi/vendor/laravel/framework/src/Illuminate/Container/Container.php(943): Illuminate\\Container\\Container->resolveDependencies()
#22 /home/dam/Melissa-AED/APIREST/institutoapi/vendor/laravel/framework/src/Illuminate/Container/Container.php(795): Illuminate\\Container\\Container->build()
#23 /home/dam/Melissa-AED/APIREST/institutoapi/vendor/laravel/framework/src/Illuminate/Foundation/Application.php(963): Illuminate\\Container\\Container->resolve()
#24 /home/dam/Melissa-AED/APIREST/institutoapi/vendor/laravel/framework/src/Illuminate/Container/Container.php(731): Illuminate\\Foundation\\Application->resolve()
#25 /home/dam/Melissa-AED/APIREST/institutoapi/vendor/laravel/framework/src/Illuminate/Foundation/Application.php(948): Illuminate\\Container\\Container->make()
#26 /home/dam/Melissa-AED/APIREST/institutoapi/vendor/laravel/framework/src/Illuminate/Container/Container.php(544): Illuminate\\Foundation\\Application->make()
#27 [internal function]: Illuminate\\Container\\Container->Illuminate\\Container\\{closure}()
#28 /home/dam/Melissa-AED/APIREST/institutoapi/vendor/krlove/eloquent-model-generator/src/Generator.php(23): iterator_to_array()
#29 /home/dam/Melissa-AED/APIREST/institutoapi/vendor/krlove/eloquent-model-generator/src/Provider/GeneratorServiceProvider.php(44): Krlove\\EloquentModelGenerator\\Generator->__construct()
#30 /home/dam/Melissa-AED/APIREST/institutoapi/vendor/laravel/framework/src/Illuminate/Container/Container.php(908): Krlove\\EloquentModelGenerator\\Provider\\GeneratorServiceProvider->Krlove\\EloquentModelGenerator\\Provider\\{closure}()
#31 /home/dam/Melissa-AED/APIREST/institutoapi/vendor/laravel/framework/src/Illuminate/Container/Container.php(795): Illuminate\\Container\\Container->build()
#32 /home/dam/Melissa-AED/APIREST/institutoapi/vendor/laravel/framework/src/Illuminate/Foundation/Application.php(963): Illuminate\\Container\\Container->resolve()
#33 /home/dam/Melissa-AED/APIREST/institutoapi/vendor/laravel/framework/src/Illuminate/Container/Container.php(731): Illuminate\\Foundation\\Application->resolve()
#34 /home/dam/Melissa-AED/APIREST/institutoapi/vendor/laravel/framework/src/Illuminate/Foundation/Application.php(948): Illuminate\\Container\\Container->make()
#35 /home/dam/Melissa-AED/APIREST/institutoapi/vendor/laravel/framework/src/Illuminate/Container/Container.php(1066): Illuminate\\Foundation\\Application->make()
#36 /home/dam/Melissa-AED/APIREST/institutoapi/vendor/laravel/framework/src/Illuminate/Container/Container.php(982): Illuminate\\Container\\Container->resolveClass()
#37 /home/dam/Melissa-AED/APIREST/institutoapi/vendor/laravel/framework/src/Illuminate/Container/Container.php(943): Illuminate\\Container\\Container->resolveDependencies()
#38 /home/dam/Melissa-AED/APIREST/institutoapi/vendor/laravel/framework/src/Illuminate/Container/Container.php(795): Illuminate\\Container\\Container->build()
#39 /home/dam/Melissa-AED/APIREST/institutoapi/vendor/laravel/framework/src/Illuminate/Foundation/Application.php(963): Illuminate\\Container\\Container->resolve()
#40 /home/dam/Melissa-AED/APIREST/institutoapi/vendor/laravel/framework/src/Illuminate/Container/Container.php(731): Illuminate\\Foundation\\Application->resolve()
#41 /home/dam/Melissa-AED/APIREST/institutoapi/vendor/laravel/framework/src/Illuminate/Foundation/Application.php(948): Illuminate\\Container\\Container->make()
#42 /home/dam/Melissa-AED/APIREST/institutoapi/vendor/laravel/framework/src/Illuminate/Console/Application.php(251): Illuminate\\Foundation\\Application->make()
#43 /home/dam/Melissa-AED/APIREST/institutoapi/vendor/laravel/framework/src/Illuminate/Console/Application.php(265): Illuminate\\Console\\Application->resolve()
#44 /home/dam/Melissa-AED/APIREST/institutoapi/vendor/laravel/framework/src/Illuminate/Support/ServiceProvider.php(404): Illuminate\\Console\\Application->resolveCommands()
#45 /home/dam/Melissa-AED/APIREST/institutoapi/vendor/laravel/framework/src/Illuminate/Console/Application.php(130): Illuminate\\Support\\ServiceProvider->Illuminate\\Support\\{closure}()
#46 /home/dam/Melissa-AED/APIREST/institutoapi/vendor/laravel/framework/src/Illuminate/Console/Application.php(77): Illuminate\\Console\\Application->bootstrap()
#47 /home/dam/Melissa-AED/APIREST/institutoapi/vendor/laravel/framework/src/Illuminate/Foundation/Console/Kernel.php(481): Illuminate\\Console\\Application->__construct()
#48 /home/dam/Melissa-AED/APIREST/institutoapi/vendor/laravel/framework/src/Illuminate/Foundation/Console/Kernel.php(201): Illuminate\\Foundation\\Console\\Kernel->getArtisan()
#49 Command line code(1): Illuminate\\Foundation\\Console\\Kernel->handle()
#50 {main}
"} 
[2024-12-05 18:20:18] local.ERROR: SQLSTATE[HY000] [2002] Connection refused {"exception":"[object] (PDOException(code: 2002): SQLSTATE[HY000] [2002] Connection refused at /home/dam/Melissa-AED/APIREST/institutoapi/vendor/laravel/framework/src/Illuminate/Database/Connectors/Connector.php:65)
[stacktrace]
#0 /home/dam/Melissa-AED/APIREST/institutoapi/vendor/laravel/framework/src/Illuminate/Database/Connectors/Connector.php(65): PDO->__construct()
#1 /home/dam/Melissa-AED/APIREST/institutoapi/vendor/laravel/framework/src/Illuminate/Database/Connectors/Connector.php(83): Illuminate\\Database\\Connectors\\Connector->createPdoConnection()
#2 /home/dam/Melissa-AED/APIREST/institutoapi/vendor/laravel/framework/src/Illuminate/Database/Connectors/Connector.php(49): Illuminate\\Database\\Connectors\\Connector->tryAgainIfCausedByLostConnection()
#3 /home/dam/Melissa-AED/APIREST/institutoapi/vendor/laravel/framework/src/Illuminate/Database/Connectors/MySqlConnector.php(24): Illuminate\\Database\\Connectors\\Connector->createConnection()
#4 /home/dam/Melissa-AED/APIREST/institutoapi/vendor/laravel/framework/src/Illuminate/Database/Connectors/ConnectionFactory.php(184): Illuminate\\Database\\Connectors\\MySqlConnector->connect()
#5 [internal function]: Illuminate\\Database\\Connectors\\ConnectionFactory->Illuminate\\Database\\Connectors\\{closure}()
#6 /home/dam/Melissa-AED/APIREST/institutoapi/vendor/laravel/framework/src/Illuminate/Database/Connection.php(1339): call_user_func()
#7 /home/dam/Melissa-AED/APIREST/institutoapi/vendor/laravel/framework/src/Illuminate/Database/Connection.php(1288): Illuminate\\Database\\Connection->getPdo()
#8 /home/dam/Melissa-AED/APIREST/institutoapi/vendor/laravel/framework/src/Illuminate/Database/Connection.php(1272): Illuminate\\Database\\Connection->getDoctrineConnection()
#9 /home/dam/Melissa-AED/APIREST/institutoapi/vendor/krlove/eloquent-model-generator/src/TypeRegistry.php(53): Illuminate\\Database\\Connection->getDoctrineSchemaManager()
#10 /home/dam/Melissa-AED/APIREST/institutoapi/vendor/krlove/eloquent-model-generator/src/TypeRegistry.php(35): Krlove\\EloquentModelGenerator\\TypeRegistry->registerDoctrineTypeMapping()
#11 [internal function]: Krlove\\EloquentModelGenerator\\TypeRegistry->__construct()
#12 /home/dam/Melissa-AED/APIREST/institutoapi/vendor/laravel/framework/src/Illuminate/Container/Container.php(952): ReflectionClass->newInstanceArgs()
#13 /home/dam/Melissa-AED/APIREST/institutoapi/vendor/laravel/framework/src/Illuminate/Container/Container.php(293): Illuminate\\Container\\Container->build()
#14 /home/dam/Melissa-AED/APIREST/institutoapi/vendor/laravel/framework/src/Illuminate/Container/Container.php(908): Illuminate\\Container\\Container->Illuminate\\Container\\{closure}()
#15 /home/dam/Melissa-AED/APIREST/institutoapi/vendor/laravel/framework/src/Illuminate/Container/Container.php(795): Illuminate\\Container\\Container->build()
#16 /home/dam/Melissa-AED/APIREST/institutoapi/vendor/laravel/framework/src/Illuminate/Foundation/Application.php(963): Illuminate\\Container\\Container->resolve()
#17 /home/dam/Melissa-AED/APIREST/institutoapi/vendor/laravel/framework/src/Illuminate/Container/Container.php(731): Illuminate\\Foundation\\Application->resolve()
#18 /home/dam/Melissa-AED/APIREST/institutoapi/vendor/laravel/framework/src/Illuminate/Foundation/Application.php(948): Illuminate\\Container\\Container->make()
#19 /home/dam/Melissa-AED/APIREST/institutoapi/vendor/laravel/framework/src/Illuminate/Container/Container.php(1066): Illuminate\\Foundation\\Application->make()
#20 /home/dam/Melissa-AED/APIREST/institutoapi/vendor/laravel/framework/src/Illuminate/Container/Container.php(982): Illuminate\\Container\\Container->resolveClass()
#21 /home/dam/Melissa-AED/APIREST/institutoapi/vendor/laravel/framework/src/Illuminate/Container/Container.php(943): Illuminate\\Container\\Container->resolveDependencies()
#22 /home/dam/Melissa-AED/APIREST/institutoapi/vendor/laravel/framework/src/Illuminate/Container/Container.php(795): Illuminate\\Container\\Container->build()
#23 /home/dam/Melissa-AED/APIREST/institutoapi/vendor/laravel/framework/src/Illuminate/Foundation/Application.php(963): Illuminate\\Container\\Container->resolve()
#24 /home/dam/Melissa-AED/APIREST/institutoapi/vendor/laravel/framework/src/Illuminate/Container/Container.php(731): Illuminate\\Foundation\\Application->resolve()
#25 /home/dam/Melissa-AED/APIREST/institutoapi/vendor/laravel/framework/src/Illuminate/Foundation/Application.php(948): Illuminate\\Container\\Container->make()
#26 /home/dam/Melissa-AED/APIREST/institutoapi/vendor/laravel/framework/src/Illuminate/Container/Container.php(544): Illuminate\\Foundation\\Application->make()
#27 [internal function]: Illuminate\\Container\\Container->Illuminate\\Container\\{closure}()
#28 /home/dam/Melissa-AED/APIREST/institutoapi/vendor/krlove/eloquent-model-generator/src/Generator.php(23): iterator_to_array()
#29 /home/dam/Melissa-AED/APIREST/institutoapi/vendor/krlove/eloquent-model-generator/src/Provider/GeneratorServiceProvider.php(44): Krlove\\EloquentModelGenerator\\Generator->__construct()
#30 /home/dam/Melissa-AED/APIREST/institutoapi/vendor/laravel/framework/src/Illuminate/Container/Container.php(908): Krlove\\EloquentModelGenerator\\Provider\\GeneratorServiceProvider->Krlove\\EloquentModelGenerator\\Provider\\{closure}()
#31 /home/dam/Melissa-AED/APIREST/institutoapi/vendor/laravel/framework/src/Illuminate/Container/Container.php(795): Illuminate\\Container\\Container->build()
#32 /home/dam/Melissa-AED/APIREST/institutoapi/vendor/laravel/framework/src/Illuminate/Foundation/Application.php(963): Illuminate\\Container\\Container->resolve()
#33 /home/dam/Melissa-AED/APIREST/institutoapi/vendor/laravel/framework/src/Illuminate/Container/Container.php(731): Illuminate\\Foundation\\Application->resolve()
#34 /home/dam/Melissa-AED/APIREST/institutoapi/vendor/laravel/framework/src/Illuminate/Foundation/Application.php(948): Illuminate\\Container\\Container->make()
#35 /home/dam/Melissa-AED/APIREST/institutoapi/vendor/laravel/framework/src/Illuminate/Container/Container.php(1066): Illuminate\\Foundation\\Application->make()
#36 /home/dam/Melissa-AED/APIREST/institutoapi/vendor/laravel/framework/src/Illuminate/Container/Container.php(982): Illuminate\\Container\\Container->resolveClass()
#37 /home/dam/Melissa-AED/APIREST/institutoapi/vendor/laravel/framework/src/Illuminate/Container/Container.php(943): Illuminate\\Container\\Container->resolveDependencies()
#38 /home/dam/Melissa-AED/APIREST/institutoapi/vendor/laravel/framework/src/Illuminate/Container/Container.php(795): Illuminate\\Container\\Container->build()
#39 /home/dam/Melissa-AED/APIREST/institutoapi/vendor/laravel/framework/src/Illuminate/Foundation/Application.php(963): Illuminate\\Container\\Container->resolve()
#40 /home/dam/Melissa-AED/APIREST/institutoapi/vendor/laravel/framework/src/Illuminate/Container/Container.php(731): Illuminate\\Foundation\\Application->resolve()
#41 /home/dam/Melissa-AED/APIREST/institutoapi/vendor/laravel/framework/src/Illuminate/Foundation/Application.php(948): Illuminate\\Container\\Container->make()
#42 /home/dam/Melissa-AED/APIREST/institutoapi/vendor/laravel/framework/src/Illuminate/Console/Application.php(251): Illuminate\\Foundation\\Application->make()
#43 /home/dam/Melissa-AED/APIREST/institutoapi/vendor/laravel/framework/src/Illuminate/Console/Application.php(265): Illuminate\\Console\\Application->resolve()
#44 /home/dam/Melissa-AED/APIREST/institutoapi/vendor/laravel/framework/src/Illuminate/Support/ServiceProvider.php(404): Illuminate\\Console\\Application->resolveCommands()
#45 /home/dam/Melissa-AED/APIREST/institutoapi/vendor/laravel/framework/src/Illuminate/Console/Application.php(130): Illuminate\\Support\\ServiceProvider->Illuminate\\Support\\{closure}()
#46 /home/dam/Melissa-AED/APIREST/institutoapi/vendor/laravel/framework/src/Illuminate/Console/Application.php(77): Illuminate\\Console\\Application->bootstrap()
#47 /home/dam/Melissa-AED/APIREST/institutoapi/vendor/laravel/framework/src/Illuminate/Foundation/Console/Kernel.php(481): Illuminate\\Console\\Application->__construct()
#48 /home/dam/Melissa-AED/APIREST/institutoapi/vendor/laravel/framework/src/Illuminate/Foundation/Console/Kernel.php(201): Illuminate\\Foundation\\Console\\Kernel->getArtisan()
#49 Command line code(1): Illuminate\\Foundation\\Console\\Kernel->handle()
#50 {main}
"} 
[2024-12-05 18:20:18] local.ERROR: SQLSTATE[HY000] [2002] Connection refused {"exception":"[object] (PDOException(code: 2002): SQLSTATE[HY000] [2002] Connection refused at /home/dam/Melissa-AED/APIREST/institutoapi/vendor/laravel/framework/src/Illuminate/Database/Connectors/Connector.php:65)
[stacktrace]
#0 /home/dam/Melissa-AED/APIREST/institutoapi/vendor/laravel/framework/src/Illuminate/Database/Connectors/Connector.php(65): PDO->__construct()
#1 /home/dam/Melissa-AED/APIREST/institutoapi/vendor/laravel/framework/src/Illuminate/Database/Connectors/Connector.php(83): Illuminate\\Database\\Connectors\\Connector->createPdoConnection()
#2 /home/dam/Melissa-AED/APIREST/institutoapi/vendor/laravel/framework/src/Illuminate/Database/Connectors/Connector.php(49): Illuminate\\Database\\Connectors\\Connector->tryAgainIfCausedByLostConnection()
#3 /home/dam/Melissa-AED/APIREST/institutoapi/vendor/laravel/framework/src/Illuminate/Database/Connectors/MySqlConnector.php(24): Illuminate\\Database\\Connectors\\Connector->createConnection()
#4 /home/dam/Melissa-AED/APIREST/institutoapi/vendor/laravel/framework/src/Illuminate/Database/Connectors/ConnectionFactory.php(184): Illuminate\\Database\\Connectors\\MySqlConnector->connect()
#5 [internal function]: Illuminate\\Database\\Connectors\\ConnectionFactory->Illuminate\\Database\\Connectors\\{closure}()
#6 /home/dam/Melissa-AED/APIREST/institutoapi/vendor/laravel/framework/src/Illuminate/Database/Connection.php(1339): call_user_func()
#7 /home/dam/Melissa-AED/APIREST/institutoapi/vendor/laravel/framework/src/Illuminate/Database/Connection.php(1288): Illuminate\\Database\\Connection->getPdo()
#8 /home/dam/Melissa-AED/APIREST/institutoapi/vendor/laravel/framework/src/Illuminate/Database/Connection.php(1272): Illuminate\\Database\\Connection->getDoctrineConnection()
#9 /home/dam/Melissa-AED/APIREST/institutoapi/vendor/krlove/eloquent-model-generator/src/TypeRegistry.php(53): Illuminate\\Database\\Connection->getDoctrineSchemaManager()
#10 /home/dam/Melissa-AED/APIREST/institutoapi/vendor/krlove/eloquent-model-generator/src/TypeRegistry.php(35): Krlove\\EloquentModelGenerator\\TypeRegistry->registerDoctrineTypeMapping()
#11 [internal function]: Krlove\\EloquentModelGenerator\\TypeRegistry->__construct()
#12 /home/dam/Melissa-AED/APIREST/institutoapi/vendor/laravel/framework/src/Illuminate/Container/Container.php(952): ReflectionClass->newInstanceArgs()
#13 /home/dam/Melissa-AED/APIREST/institutoapi/vendor/laravel/framework/src/Illuminate/Container/Container.php(293): Illuminate\\Container\\Container->build()
#14 /home/dam/Melissa-AED/APIREST/institutoapi/vendor/laravel/framework/src/Illuminate/Container/Container.php(908): Illuminate\\Container\\Container->Illuminate\\Container\\{closure}()
#15 /home/dam/Melissa-AED/APIREST/institutoapi/vendor/laravel/framework/src/Illuminate/Container/Container.php(795): Illuminate\\Container\\Container->build()
#16 /home/dam/Melissa-AED/APIREST/institutoapi/vendor/laravel/framework/src/Illuminate/Foundation/Application.php(963): Illuminate\\Container\\Container->resolve()
#17 /home/dam/Melissa-AED/APIREST/institutoapi/vendor/laravel/framework/src/Illuminate/Container/Container.php(731): Illuminate\\Foundation\\Application->resolve()
#18 /home/dam/Melissa-AED/APIREST/institutoapi/vendor/laravel/framework/src/Illuminate/Foundation/Application.php(948): Illuminate\\Container\\Container->make()
#19 /home/dam/Melissa-AED/APIREST/institutoapi/vendor/laravel/framework/src/Illuminate/Container/Container.php(1066): Illuminate\\Foundation\\Application->make()
#20 /home/dam/Melissa-AED/APIREST/institutoapi/vendor/laravel/framework/src/Illuminate/Container/Container.php(982): Illuminate\\Container\\Container->resolveClass()
#21 /home/dam/Melissa-AED/APIREST/institutoapi/vendor/laravel/framework/src/Illuminate/Container/Container.php(943): Illuminate\\Container\\Container->resolveDependencies()
#22 /home/dam/Melissa-AED/APIREST/institutoapi/vendor/laravel/framework/src/Illuminate/Container/Container.php(795): Illuminate\\Container\\Container->build()
#23 /home/dam/Melissa-AED/APIREST/institutoapi/vendor/laravel/framework/src/Illuminate/Foundation/Application.php(963): Illuminate\\Container\\Container->resolve()
#24 /home/dam/Melissa-AED/APIREST/institutoapi/vendor/laravel/framework/src/Illuminate/Container/Container.php(731): Illuminate\\Foundation\\Application->resolve()
#25 /home/dam/Melissa-AED/APIREST/institutoapi/vendor/laravel/framework/src/Illuminate/Foundation/Application.php(948): Illuminate\\Container\\Container->make()
#26 /home/dam/Melissa-AED/APIREST/institutoapi/vendor/laravel/framework/src/Illuminate/Container/Container.php(544): Illuminate\\Foundation\\Application->make()
#27 [internal function]: Illuminate\\Container\\Container->Illuminate\\Container\\{closure}()
#28 /home/dam/Melissa-AED/APIREST/institutoapi/vendor/krlove/eloquent-model-generator/src/Generator.php(23): iterator_to_array()
#29 /home/dam/Melissa-AED/APIREST/institutoapi/vendor/krlove/eloquent-model-generator/src/Provider/GeneratorServiceProvider.php(44): Krlove\\EloquentModelGenerator\\Generator->__construct()
#30 /home/dam/Melissa-AED/APIREST/institutoapi/vendor/laravel/framework/src/Illuminate/Container/Container.php(908): Krlove\\EloquentModelGenerator\\Provider\\GeneratorServiceProvider->Krlove\\EloquentModelGenerator\\Provider\\{closure}()
#31 /home/dam/Melissa-AED/APIREST/institutoapi/vendor/laravel/framework/src/Illuminate/Container/Container.php(795): Illuminate\\Container\\Container->build()
#32 /home/dam/Melissa-AED/APIREST/institutoapi/vendor/laravel/framework/src/Illuminate/Foundation/Application.php(963): Illuminate\\Container\\Container->resolve()
#33 /home/dam/Melissa-AED/APIREST/institutoapi/vendor/laravel/framework/src/Illuminate/Container/Container.php(731): Illuminate\\Foundation\\Application->resolve()
#34 /home/dam/Melissa-AED/APIREST/institutoapi/vendor/laravel/framework/src/Illuminate/Foundation/Application.php(948): Illuminate\\Container\\Container->make()
#35 /home/dam/Melissa-AED/APIREST/institutoapi/vendor/laravel/framework/src/Illuminate/Container/Container.php(1066): Illuminate\\Foundation\\Application->make()
#36 /home/dam/Melissa-AED/APIREST/institutoapi/vendor/laravel/framework/src/Illuminate/Container/Container.php(982): Illuminate\\Container\\Container->resolveClass()
#37 /home/dam/Melissa-AED/APIREST/institutoapi/vendor/laravel/framework/src/Illuminate/Container/Container.php(943): Illuminate\\Container\\Container->resolveDependencies()
#38 /home/dam/Melissa-AED/APIREST/institutoapi/vendor/laravel/framework/src/Illuminate/Container/Container.php(795): Illuminate\\Container\\Container->build()
#39 /home/dam/Melissa-AED/APIREST/institutoapi/vendor/laravel/framework/src/Illuminate/Foundation/Application.php(963): Illuminate\\Container\\Container->resolve()
#40 /home/dam/Melissa-AED/APIREST/institutoapi/vendor/laravel/framework/src/Illuminate/Container/Container.php(731): Illuminate\\Foundation\\Application->resolve()
#41 /home/dam/Melissa-AED/APIREST/institutoapi/vendor/laravel/framework/src/Illuminate/Foundation/Application.php(948): Illuminate\\Container\\Container->make()
#42 /home/dam/Melissa-AED/APIREST/institutoapi/vendor/laravel/framework/src/Illuminate/Console/Application.php(251): Illuminate\\Foundation\\Application->make()
#43 /home/dam/Melissa-AED/APIREST/institutoapi/vendor/laravel/framework/src/Illuminate/Console/Application.php(265): Illuminate\\Console\\Application->resolve()
#44 /home/dam/Melissa-AED/APIREST/institutoapi/vendor/laravel/framework/src/Illuminate/Support/ServiceProvider.php(404): Illuminate\\Console\\Application->resolveCommands()
#45 /home/dam/Melissa-AED/APIREST/institutoapi/vendor/laravel/framework/src/Illuminate/Console/Application.php(130): Illuminate\\Support\\ServiceProvider->Illuminate\\Support\\{closure}()
#46 /home/dam/Melissa-AED/APIREST/institutoapi/vendor/laravel/framework/src/Illuminate/Console/Application.php(77): Illuminate\\Console\\Application->bootstrap()
#47 /home/dam/Melissa-AED/APIREST/institutoapi/vendor/laravel/framework/src/Illuminate/Foundation/Console/Kernel.php(481): Illuminate\\Console\\Application->__construct()
#48 /home/dam/Melissa-AED/APIREST/institutoapi/vendor/laravel/framework/src/Illuminate/Foundation/Console/Kernel.php(201): Illuminate\\Foundation\\Console\\Kernel->getArtisan()
#49 Command line code(1): Illuminate\\Foundation\\Console\\Kernel->handle()
#50 {main}
"} 
[2024-12-05 18:20:18] local.ERROR: SQLSTATE[HY000] [2002] Connection refused {"exception":"[object] (PDOException(code: 2002): SQLSTATE[HY000] [2002] Connection refused at /home/dam/Melissa-AED/APIREST/institutoapi/vendor/laravel/framework/src/Illuminate/Database/Connectors/Connector.php:65)
[stacktrace]
#0 /home/dam/Melissa-AED/APIREST/institutoapi/vendor/laravel/framework/src/Illuminate/Database/Connectors/Connector.php(65): PDO->__construct()
#1 /home/dam/Melissa-AED/APIREST/institutoapi/vendor/laravel/framework/src/Illuminate/Database/Connectors/Connector.php(83): Illuminate\\Database\\Connectors\\Connector->createPdoConnection()
#2 /home/dam/Melissa-AED/APIREST/institutoapi/vendor/laravel/framework/src/Illuminate/Database/Connectors/Connector.php(49): Illuminate\\Database\\Connectors\\Connector->tryAgainIfCausedByLostConnection()
#3 /home/dam/Melissa-AED/APIREST/institutoapi/vendor/laravel/framework/src/Illuminate/Database/Connectors/MySqlConnector.php(24): Illuminate\\Database\\Connectors\\Connector->createConnection()
#4 /home/dam/Melissa-AED/APIREST/institutoapi/vendor/laravel/framework/src/Illuminate/Database/Connectors/ConnectionFactory.php(184): Illuminate\\Database\\Connectors\\MySqlConnector->connect()
#5 [internal function]: Illuminate\\Database\\Connectors\\ConnectionFactory->Illuminate\\Database\\Connectors\\{closure}()
#6 /home/dam/Melissa-AED/APIREST/institutoapi/vendor/laravel/framework/src/Illuminate/Database/Connection.php(1339): call_user_func()
#7 /home/dam/Melissa-AED/APIREST/institutoapi/vendor/laravel/framework/src/Illuminate/Database/Connection.php(1288): Illuminate\\Database\\Connection->getPdo()
#8 /home/dam/Melissa-AED/APIREST/institutoapi/vendor/laravel/framework/src/Illuminate/Database/Connection.php(1272): Illuminate\\Database\\Connection->getDoctrineConnection()
#9 /home/dam/Melissa-AED/APIREST/institutoapi/vendor/krlove/eloquent-model-generator/src/TypeRegistry.php(53): Illuminate\\Database\\Connection->getDoctrineSchemaManager()
#10 /home/dam/Melissa-AED/APIREST/institutoapi/vendor/krlove/eloquent-model-generator/src/TypeRegistry.php(35): Krlove\\EloquentModelGenerator\\TypeRegistry->registerDoctrineTypeMapping()
#11 [internal function]: Krlove\\EloquentModelGenerator\\TypeRegistry->__construct()
#12 /home/dam/Melissa-AED/APIREST/institutoapi/vendor/laravel/framework/src/Illuminate/Container/Container.php(952): ReflectionClass->newInstanceArgs()
#13 /home/dam/Melissa-AED/APIREST/institutoapi/vendor/laravel/framework/src/Illuminate/Container/Container.php(293): Illuminate\\Container\\Container->build()
#14 /home/dam/Melissa-AED/APIREST/institutoapi/vendor/laravel/framework/src/Illuminate/Container/Container.php(908): Illuminate\\Container\\Container->Illuminate\\Container\\{closure}()
#15 /home/dam/Melissa-AED/APIREST/institutoapi/vendor/laravel/framework/src/Illuminate/Container/Container.php(795): Illuminate\\Container\\Container->build()
#16 /home/dam/Melissa-AED/APIREST/institutoapi/vendor/laravel/framework/src/Illuminate/Foundation/Application.php(963): Illuminate\\Container\\Container->resolve()
#17 /home/dam/Melissa-AED/APIREST/institutoapi/vendor/laravel/framework/src/Illuminate/Container/Container.php(731): Illuminate\\Foundation\\Application->resolve()
#18 /home/dam/Melissa-AED/APIREST/institutoapi/vendor/laravel/framework/src/Illuminate/Foundation/Application.php(948): Illuminate\\Container\\Container->make()
#19 /home/dam/Melissa-AED/APIREST/institutoapi/vendor/laravel/framework/src/Illuminate/Container/Container.php(1066): Illuminate\\Foundation\\Application->make()
#20 /home/dam/Melissa-AED/APIREST/institutoapi/vendor/laravel/framework/src/Illuminate/Container/Container.php(982): Illuminate\\Container\\Container->resolveClass()
#21 /home/dam/Melissa-AED/APIREST/institutoapi/vendor/laravel/framework/src/Illuminate/Container/Container.php(943): Illuminate\\Container\\Container->resolveDependencies()
#22 /home/dam/Melissa-AED/APIREST/institutoapi/vendor/laravel/framework/src/Illuminate/Container/Container.php(795): Illuminate\\Container\\Container->build()
#23 /home/dam/Melissa-AED/APIREST/institutoapi/vendor/laravel/framework/src/Illuminate/Foundation/Application.php(963): Illuminate\\Container\\Container->resolve()
#24 /home/dam/Melissa-AED/APIREST/institutoapi/vendor/laravel/framework/src/Illuminate/Container/Container.php(731): Illuminate\\Foundation\\Application->resolve()
#25 /home/dam/Melissa-AED/APIREST/institutoapi/vendor/laravel/framework/src/Illuminate/Foundation/Application.php(948): Illuminate\\Container\\Container->make()
#26 /home/dam/Melissa-AED/APIREST/institutoapi/vendor/laravel/framework/src/Illuminate/Container/Container.php(544): Illuminate\\Foundation\\Application->make()
#27 [internal function]: Illuminate\\Container\\Container->Illuminate\\Container\\{closure}()
#28 /home/dam/Melissa-AED/APIREST/institutoapi/vendor/krlove/eloquent-model-generator/src/Generator.php(23): iterator_to_array()
#29 /home/dam/Melissa-AED/APIREST/institutoapi/vendor/krlove/eloquent-model-generator/src/Provider/GeneratorServiceProvider.php(44): Krlove\\EloquentModelGenerator\\Generator->__construct()
#30 /home/dam/Melissa-AED/APIREST/institutoapi/vendor/laravel/framework/src/Illuminate/Container/Container.php(908): Krlove\\EloquentModelGenerator\\Provider\\GeneratorServiceProvider->Krlove\\EloquentModelGenerator\\Provider\\{closure}()
#31 /home/dam/Melissa-AED/APIREST/institutoapi/vendor/laravel/framework/src/Illuminate/Container/Container.php(795): Illuminate\\Container\\Container->build()
#32 /home/dam/Melissa-AED/APIREST/institutoapi/vendor/laravel/framework/src/Illuminate/Foundation/Application.php(963): Illuminate\\Container\\Container->resolve()
#33 /home/dam/Melissa-AED/APIREST/institutoapi/vendor/laravel/framework/src/Illuminate/Container/Container.php(731): Illuminate\\Foundation\\Application->resolve()
#34 /home/dam/Melissa-AED/APIREST/institutoapi/vendor/laravel/framework/src/Illuminate/Foundation/Application.php(948): Illuminate\\Container\\Container->make()
#35 /home/dam/Melissa-AED/APIREST/institutoapi/vendor/laravel/framework/src/Illuminate/Container/Container.php(1066): Illuminate\\Foundation\\Application->make()
#36 /home/dam/Melissa-AED/APIREST/institutoapi/vendor/laravel/framework/src/Illuminate/Container/Container.php(982): Illuminate\\Container\\Container->resolveClass()
#37 /home/dam/Melissa-AED/APIREST/institutoapi/vendor/laravel/framework/src/Illuminate/Container/Container.php(943): Illuminate\\Container\\Container->resolveDependencies()
#38 /home/dam/Melissa-AED/APIREST/institutoapi/vendor/laravel/framework/src/Illuminate/Container/Container.php(795): Illuminate\\Container\\Container->build()
#39 /home/dam/Melissa-AED/APIREST/institutoapi/vendor/laravel/framework/src/Illuminate/Foundation/Application.php(963): Illuminate\\Container\\Container->resolve()
#40 /home/dam/Melissa-AED/APIREST/institutoapi/vendor/laravel/framework/src/Illuminate/Container/Container.php(731): Illuminate\\Foundation\\Application->resolve()
#41 /home/dam/Melissa-AED/APIREST/institutoapi/vendor/laravel/framework/src/Illuminate/Foundation/Application.php(948): Illuminate\\Container\\Container->make()
#42 /home/dam/Melissa-AED/APIREST/institutoapi/vendor/laravel/framework/src/Illuminate/Console/Application.php(251): Illuminate\\Foundation\\Application->make()
#43 /home/dam/Melissa-AED/APIREST/institutoapi/vendor/laravel/framework/src/Illuminate/Console/Application.php(265): Illuminate\\Console\\Application->resolve()
#44 /home/dam/Melissa-AED/APIREST/institutoapi/vendor/laravel/framework/src/Illuminate/Support/ServiceProvider.php(404): Illuminate\\Console\\Application->resolveCommands()
#45 /home/dam/Melissa-AED/APIREST/institutoapi/vendor/laravel/framework/src/Illuminate/Console/Application.php(130): Illuminate\\Support\\ServiceProvider->Illuminate\\Support\\{closure}()
#46 /home/dam/Melissa-AED/APIREST/institutoapi/vendor/laravel/framework/src/Illuminate/Console/Application.php(77): Illuminate\\Console\\Application->bootstrap()
#47 /home/dam/Melissa-AED/APIREST/institutoapi/vendor/laravel/framework/src/Illuminate/Foundation/Console/Kernel.php(481): Illuminate\\Console\\Application->__construct()
#48 /home/dam/Melissa-AED/APIREST/institutoapi/vendor/laravel/framework/src/Illuminate/Foundation/Console/Kernel.php(201): Illuminate\\Foundation\\Console\\Kernel->getArtisan()
#49 Command line code(1): Illuminate\\Foundation\\Console\\Kernel->handle()
#50 {main}
"} 
[2024-12-05 18:20:18] local.ERROR: SQLSTATE[HY000] [2002] Connection refused {"exception":"[object] (PDOException(code: 2002): SQLSTATE[HY000] [2002] Connection refused at /home/dam/Melissa-AED/APIREST/institutoapi/vendor/laravel/framework/src/Illuminate/Database/Connectors/Connector.php:65)
[stacktrace]
#0 /home/dam/Melissa-AED/APIREST/institutoapi/vendor/laravel/framework/src/Illuminate/Database/Connectors/Connector.php(65): PDO->__construct()
#1 /home/dam/Melissa-AED/APIREST/institutoapi/vendor/laravel/framework/src/Illuminate/Database/Connectors/Connector.php(83): Illuminate\\Database\\Connectors\\Connector->createPdoConnection()
#2 /home/dam/Melissa-AED/APIREST/institutoapi/vendor/laravel/framework/src/Illuminate/Database/Connectors/Connector.php(49): Illuminate\\Database\\Connectors\\Connector->tryAgainIfCausedByLostConnection()
#3 /home/dam/Melissa-AED/APIREST/institutoapi/vendor/laravel/framework/src/Illuminate/Database/Connectors/MySqlConnector.php(24): Illuminate\\Database\\Connectors\\Connector->createConnection()
#4 /home/dam/Melissa-AED/APIREST/institutoapi/vendor/laravel/framework/src/Illuminate/Database/Connectors/ConnectionFactory.php(184): Illuminate\\Database\\Connectors\\MySqlConnector->connect()
#5 [internal function]: Illuminate\\Database\\Connectors\\ConnectionFactory->Illuminate\\Database\\Connectors\\{closure}()
#6 /home/dam/Melissa-AED/APIREST/institutoapi/vendor/laravel/framework/src/Illuminate/Database/Connection.php(1339): call_user_func()
#7 /home/dam/Melissa-AED/APIREST/institutoapi/vendor/laravel/framework/src/Illuminate/Database/Connection.php(1288): Illuminate\\Database\\Connection->getPdo()
#8 /home/dam/Melissa-AED/APIREST/institutoapi/vendor/laravel/framework/src/Illuminate/Database/Connection.php(1272): Illuminate\\Database\\Connection->getDoctrineConnection()
#9 /home/dam/Melissa-AED/APIREST/institutoapi/vendor/krlove/eloquent-model-generator/src/TypeRegistry.php(53): Illuminate\\Database\\Connection->getDoctrineSchemaManager()
#10 /home/dam/Melissa-AED/APIREST/institutoapi/vendor/krlove/eloquent-model-generator/src/TypeRegistry.php(35): Krlove\\EloquentModelGenerator\\TypeRegistry->registerDoctrineTypeMapping()
#11 [internal function]: Krlove\\EloquentModelGenerator\\TypeRegistry->__construct()
#12 /home/dam/Melissa-AED/APIREST/institutoapi/vendor/laravel/framework/src/Illuminate/Container/Container.php(952): ReflectionClass->newInstanceArgs()
#13 /home/dam/Melissa-AED/APIREST/institutoapi/vendor/laravel/framework/src/Illuminate/Container/Container.php(293): Illuminate\\Container\\Container->build()
#14 /home/dam/Melissa-AED/APIREST/institutoapi/vendor/laravel/framework/src/Illuminate/Container/Container.php(908): Illuminate\\Container\\Container->Illuminate\\Container\\{closure}()
#15 /home/dam/Melissa-AED/APIREST/institutoapi/vendor/laravel/framework/src/Illuminate/Container/Container.php(795): Illuminate\\Container\\Container->build()
#16 /home/dam/Melissa-AED/APIREST/institutoapi/vendor/laravel/framework/src/Illuminate/Foundation/Application.php(963): Illuminate\\Container\\Container->resolve()
#17 /home/dam/Melissa-AED/APIREST/institutoapi/vendor/laravel/framework/src/Illuminate/Container/Container.php(731): Illuminate\\Foundation\\Application->resolve()
#18 /home/dam/Melissa-AED/APIREST/institutoapi/vendor/laravel/framework/src/Illuminate/Foundation/Application.php(948): Illuminate\\Container\\Container->make()
#19 /home/dam/Melissa-AED/APIREST/institutoapi/vendor/laravel/framework/src/Illuminate/Container/Container.php(1066): Illuminate\\Foundation\\Application->make()
#20 /home/dam/Melissa-AED/APIREST/institutoapi/vendor/laravel/framework/src/Illuminate/Container/Container.php(982): Illuminate\\Container\\Container->resolveClass()
#21 /home/dam/Melissa-AED/APIREST/institutoapi/vendor/laravel/framework/src/Illuminate/Container/Container.php(943): Illuminate\\Container\\Container->resolveDependencies()
#22 /home/dam/Melissa-AED/APIREST/institutoapi/vendor/laravel/framework/src/Illuminate/Container/Container.php(795): Illuminate\\Container\\Container->build()
#23 /home/dam/Melissa-AED/APIREST/institutoapi/vendor/laravel/framework/src/Illuminate/Foundation/Application.php(963): Illuminate\\Container\\Container->resolve()
#24 /home/dam/Melissa-AED/APIREST/institutoapi/vendor/laravel/framework/src/Illuminate/Container/Container.php(731): Illuminate\\Foundation\\Application->resolve()
#25 /home/dam/Melissa-AED/APIREST/institutoapi/vendor/laravel/framework/src/Illuminate/Foundation/Application.php(948): Illuminate\\Container\\Container->make()
#26 /home/dam/Melissa-AED/APIREST/institutoapi/vendor/laravel/framework/src/Illuminate/Container/Container.php(544): Illuminate\\Foundation\\Application->make()
#27 [internal function]: Illuminate\\Container\\Container->Illuminate\\Container\\{closure}()
#28 /home/dam/Melissa-AED/APIREST/institutoapi/vendor/krlove/eloquent-model-generator/src/Generator.php(23): iterator_to_array()
#29 /home/dam/Melissa-AED/APIREST/institutoapi/vendor/krlove/eloquent-model-generator/src/Provider/GeneratorServiceProvider.php(44): Krlove\\EloquentModelGenerator\\Generator->__construct()
#30 /home/dam/Melissa-AED/APIREST/institutoapi/vendor/laravel/framework/src/Illuminate/Container/Container.php(908): Krlove\\EloquentModelGenerator\\Provider\\GeneratorServiceProvider->Krlove\\EloquentModelGenerator\\Provider\\{closure}()
#31 /home/dam/Melissa-AED/APIREST/institutoapi/vendor/laravel/framework/src/Illuminate/Container/Container.php(795): Illuminate\\Container\\Container->build()
#32 /home/dam/Melissa-AED/APIREST/institutoapi/vendor/laravel/framework/src/Illuminate/Foundation/Application.php(963): Illuminate\\Container\\Container->resolve()
#33 /home/dam/Melissa-AED/APIREST/institutoapi/vendor/laravel/framework/src/Illuminate/Container/Container.php(731): Illuminate\\Foundation\\Application->resolve()
#34 /home/dam/Melissa-AED/APIREST/institutoapi/vendor/laravel/framework/src/Illuminate/Foundation/Application.php(948): Illuminate\\Container\\Container->make()
#35 /home/dam/Melissa-AED/APIREST/institutoapi/vendor/laravel/framework/src/Illuminate/Container/Container.php(1066): Illuminate\\Foundation\\Application->make()
#36 /home/dam/Melissa-AED/APIREST/institutoapi/vendor/laravel/framework/src/Illuminate/Container/Container.php(982): Illuminate\\Container\\Container->resolveClass()
#37 /home/dam/Melissa-AED/APIREST/institutoapi/vendor/laravel/framework/src/Illuminate/Container/Container.php(943): Illuminate\\Container\\Container->resolveDependencies()
#38 /home/dam/Melissa-AED/APIREST/institutoapi/vendor/laravel/framework/src/Illuminate/Container/Container.php(795): Illuminate\\Container\\Container->build()
#39 /home/dam/Melissa-AED/APIREST/institutoapi/vendor/laravel/framework/src/Illuminate/Foundation/Application.php(963): Illuminate\\Container\\Container->resolve()
#40 /home/dam/Melissa-AED/APIREST/institutoapi/vendor/laravel/framework/src/Illuminate/Container/Container.php(731): Illuminate\\Foundation\\Application->resolve()
#41 /home/dam/Melissa-AED/APIREST/institutoapi/vendor/laravel/framework/src/Illuminate/Foundation/Application.php(948): Illuminate\\Container\\Container->make()
#42 /home/dam/Melissa-AED/APIREST/institutoapi/vendor/laravel/framework/src/Illuminate/Console/Application.php(251): Illuminate\\Foundation\\Application->make()
#43 /home/dam/Melissa-AED/APIREST/institutoapi/vendor/laravel/framework/src/Illuminate/Console/Application.php(265): Illuminate\\Console\\Application->resolve()
#44 /home/dam/Melissa-AED/APIREST/institutoapi/vendor/laravel/framework/src/Illuminate/Support/ServiceProvider.php(404): Illuminate\\Console\\Application->resolveCommands()
#45 /home/dam/Melissa-AED/APIREST/institutoapi/vendor/laravel/framework/src/Illuminate/Console/Application.php(130): Illuminate\\Support\\ServiceProvider->Illuminate\\Support\\{closure}()
#46 /home/dam/Melissa-AED/APIREST/institutoapi/vendor/laravel/framework/src/Illuminate/Console/Application.php(77): Illuminate\\Console\\Application->bootstrap()
#47 /home/dam/Melissa-AED/APIREST/institutoapi/vendor/laravel/framework/src/Illuminate/Foundation/Console/Kernel.php(481): Illuminate\\Console\\Application->__construct()
#48 /home/dam/Melissa-AED/APIREST/institutoapi/vendor/laravel/framework/src/Illuminate/Foundation/Console/Kernel.php(201): Illuminate\\Foundation\\Console\\Kernel->getArtisan()
#49 Command line code(1): Illuminate\\Foundation\\Console\\Kernel->handle()
#50 {main}
"} 
[2024-12-05 18:20:18] local.ERROR: SQLSTATE[HY000] [2002] Connection refused {"exception":"[object] (PDOException(code: 2002): SQLSTATE[HY000] [2002] Connection refused at /home/dam/Melissa-AED/APIREST/institutoapi/vendor/laravel/framework/src/Illuminate/Database/Connectors/Connector.php:65)
[stacktrace]
#0 /home/dam/Melissa-AED/APIREST/institutoapi/vendor/laravel/framework/src/Illuminate/Database/Connectors/Connector.php(65): PDO->__construct()
#1 /home/dam/Melissa-AED/APIREST/institutoapi/vendor/laravel/framework/src/Illuminate/Database/Connectors/Connector.php(83): Illuminate\\Database\\Connectors\\Connector->createPdoConnection()
#2 /home/dam/Melissa-AED/APIREST/institutoapi/vendor/laravel/framework/src/Illuminate/Database/Connectors/Connector.php(49): Illuminate\\Database\\Connectors\\Connector->tryAgainIfCausedByLostConnection()
#3 /home/dam/Melissa-AED/APIREST/institutoapi/vendor/laravel/framework/src/Illuminate/Database/Connectors/MySqlConnector.php(24): Illuminate\\Database\\Connectors\\Connector->createConnection()
#4 /home/dam/Melissa-AED/APIREST/institutoapi/vendor/laravel/framework/src/Illuminate/Database/Connectors/ConnectionFactory.php(184): Illuminate\\Database\\Connectors\\MySqlConnector->connect()
#5 [internal function]: Illuminate\\Database\\Connectors\\ConnectionFactory->Illuminate\\Database\\Connectors\\{closure}()
#6 /home/dam/Melissa-AED/APIREST/institutoapi/vendor/laravel/framework/src/Illuminate/Database/Connection.php(1339): call_user_func()
#7 /home/dam/Melissa-AED/APIREST/institutoapi/vendor/laravel/framework/src/Illuminate/Database/Connection.php(1288): Illuminate\\Database\\Connection->getPdo()
#8 /home/dam/Melissa-AED/APIREST/institutoapi/vendor/laravel/framework/src/Illuminate/Database/Connection.php(1272): Illuminate\\Database\\Connection->getDoctrineConnection()
#9 /home/dam/Melissa-AED/APIREST/institutoapi/vendor/krlove/eloquent-model-generator/src/TypeRegistry.php(53): Illuminate\\Database\\Connection->getDoctrineSchemaManager()
#10 /home/dam/Melissa-AED/APIREST/institutoapi/vendor/krlove/eloquent-model-generator/src/TypeRegistry.php(35): Krlove\\EloquentModelGenerator\\TypeRegistry->registerDoctrineTypeMapping()
#11 [internal function]: Krlove\\EloquentModelGenerator\\TypeRegistry->__construct()
#12 /home/dam/Melissa-AED/APIREST/institutoapi/vendor/laravel/framework/src/Illuminate/Container/Container.php(952): ReflectionClass->newInstanceArgs()
#13 /home/dam/Melissa-AED/APIREST/institutoapi/vendor/laravel/framework/src/Illuminate/Container/Container.php(293): Illuminate\\Container\\Container->build()
#14 /home/dam/Melissa-AED/APIREST/institutoapi/vendor/laravel/framework/src/Illuminate/Container/Container.php(908): Illuminate\\Container\\Container->Illuminate\\Container\\{closure}()
#15 /home/dam/Melissa-AED/APIREST/institutoapi/vendor/laravel/framework/src/Illuminate/Container/Container.php(795): Illuminate\\Container\\Container->build()
#16 /home/dam/Melissa-AED/APIREST/institutoapi/vendor/laravel/framework/src/Illuminate/Foundation/Application.php(963): Illuminate\\Container\\Container->resolve()
#17 /home/dam/Melissa-AED/APIREST/institutoapi/vendor/laravel/framework/src/Illuminate/Container/Container.php(731): Illuminate\\Foundation\\Application->resolve()
#18 /home/dam/Melissa-AED/APIREST/institutoapi/vendor/laravel/framework/src/Illuminate/Foundation/Application.php(948): Illuminate\\Container\\Container->make()
#19 /home/dam/Melissa-AED/APIREST/institutoapi/vendor/laravel/framework/src/Illuminate/Container/Container.php(1066): Illuminate\\Foundation\\Application->make()
#20 /home/dam/Melissa-AED/APIREST/institutoapi/vendor/laravel/framework/src/Illuminate/Container/Container.php(982): Illuminate\\Container\\Container->resolveClass()
#21 /home/dam/Melissa-AED/APIREST/institutoapi/vendor/laravel/framework/src/Illuminate/Container/Container.php(943): Illuminate\\Container\\Container->resolveDependencies()
#22 /home/dam/Melissa-AED/APIREST/institutoapi/vendor/laravel/framework/src/Illuminate/Container/Container.php(795): Illuminate\\Container\\Container->build()
#23 /home/dam/Melissa-AED/APIREST/institutoapi/vendor/laravel/framework/src/Illuminate/Foundation/Application.php(963): Illuminate\\Container\\Container->resolve()
#24 /home/dam/Melissa-AED/APIREST/institutoapi/vendor/laravel/framework/src/Illuminate/Container/Container.php(731): Illuminate\\Foundation\\Application->resolve()
#25 /home/dam/Melissa-AED/APIREST/institutoapi/vendor/laravel/framework/src/Illuminate/Foundation/Application.php(948): Illuminate\\Container\\Container->make()
#26 /home/dam/Melissa-AED/APIREST/institutoapi/vendor/laravel/framework/src/Illuminate/Container/Container.php(544): Illuminate\\Foundation\\Application->make()
#27 [internal function]: Illuminate\\Container\\Container->Illuminate\\Container\\{closure}()
#28 /home/dam/Melissa-AED/APIREST/institutoapi/vendor/krlove/eloquent-model-generator/src/Generator.php(23): iterator_to_array()
#29 /home/dam/Melissa-AED/APIREST/institutoapi/vendor/krlove/eloquent-model-generator/src/Provider/GeneratorServiceProvider.php(44): Krlove\\EloquentModelGenerator\\Generator->__construct()
#30 /home/dam/Melissa-AED/APIREST/institutoapi/vendor/laravel/framework/src/Illuminate/Container/Container.php(908): Krlove\\EloquentModelGenerator\\Provider\\GeneratorServiceProvider->Krlove\\EloquentModelGenerator\\Provider\\{closure}()
#31 /home/dam/Melissa-AED/APIREST/institutoapi/vendor/laravel/framework/src/Illuminate/Container/Container.php(795): Illuminate\\Container\\Container->build()
#32 /home/dam/Melissa-AED/APIREST/institutoapi/vendor/laravel/framework/src/Illuminate/Foundation/Application.php(963): Illuminate\\Container\\Container->resolve()
#33 /home/dam/Melissa-AED/APIREST/institutoapi/vendor/laravel/framework/src/Illuminate/Container/Container.php(731): Illuminate\\Foundation\\Application->resolve()
#34 /home/dam/Melissa-AED/APIREST/institutoapi/vendor/laravel/framework/src/Illuminate/Foundation/Application.php(948): Illuminate\\Container\\Container->make()
#35 /home/dam/Melissa-AED/APIREST/institutoapi/vendor/laravel/framework/src/Illuminate/Container/Container.php(1066): Illuminate\\Foundation\\Application->make()
#36 /home/dam/Melissa-AED/APIREST/institutoapi/vendor/laravel/framework/src/Illuminate/Container/Container.php(982): Illuminate\\Container\\Container->resolveClass()
#37 /home/dam/Melissa-AED/APIREST/institutoapi/vendor/laravel/framework/src/Illuminate/Container/Container.php(943): Illuminate\\Container\\Container->resolveDependencies()
#38 /home/dam/Melissa-AED/APIREST/institutoapi/vendor/laravel/framework/src/Illuminate/Container/Container.php(795): Illuminate\\Container\\Container->build()
#39 /home/dam/Melissa-AED/APIREST/institutoapi/vendor/laravel/framework/src/Illuminate/Foundation/Application.php(963): Illuminate\\Container\\Container->resolve()
#40 /home/dam/Melissa-AED/APIREST/institutoapi/vendor/laravel/framework/src/Illuminate/Container/Container.php(731): Illuminate\\Foundation\\Application->resolve()
#41 /home/dam/Melissa-AED/APIREST/institutoapi/vendor/laravel/framework/src/Illuminate/Foundation/Application.php(948): Illuminate\\Container\\Container->make()
#42 /home/dam/Melissa-AED/APIREST/institutoapi/vendor/laravel/framework/src/Illuminate/Console/Application.php(251): Illuminate\\Foundation\\Application->make()
#43 /home/dam/Melissa-AED/APIREST/institutoapi/vendor/laravel/framework/src/Illuminate/Console/Application.php(265): Illuminate\\Console\\Application->resolve()
#44 /home/dam/Melissa-AED/APIREST/institutoapi/vendor/laravel/framework/src/Illuminate/Support/ServiceProvider.php(404): Illuminate\\Console\\Application->resolveCommands()
#45 /home/dam/Melissa-AED/APIREST/institutoapi/vendor/laravel/framework/src/Illuminate/Console/Application.php(130): Illuminate\\Support\\ServiceProvider->Illuminate\\Support\\{closure}()
#46 /home/dam/Melissa-AED/APIREST/institutoapi/vendor/laravel/framework/src/Illuminate/Console/Application.php(77): Illuminate\\Console\\Application->bootstrap()
#47 /home/dam/Melissa-AED/APIREST/institutoapi/vendor/laravel/framework/src/Illuminate/Foundation/Console/Kernel.php(481): Illuminate\\Console\\Application->__construct()
#48 /home/dam/Melissa-AED/APIREST/institutoapi/vendor/laravel/framework/src/Illuminate/Foundation/Console/Kernel.php(201): Illuminate\\Foundation\\Console\\Kernel->getArtisan()
#49 Command line code(1): Illuminate\\Foundation\\Console\\Kernel->handle()
#50 {main}
"} 
[2024-12-05 18:20:18] local.ERROR: SQLSTATE[HY000] [2002] Connection refused {"exception":"[object] (PDOException(code: 2002): SQLSTATE[HY000] [2002] Connection refused at /home/dam/Melissa-AED/APIREST/institutoapi/vendor/laravel/framework/src/Illuminate/Database/Connectors/Connector.php:65)
[stacktrace]
#0 /home/dam/Melissa-AED/APIREST/institutoapi/vendor/laravel/framework/src/Illuminate/Database/Connectors/Connector.php(65): PDO->__construct()
#1 /home/dam/Melissa-AED/APIREST/institutoapi/vendor/laravel/framework/src/Illuminate/Database/Connectors/Connector.php(83): Illuminate\\Database\\Connectors\\Connector->createPdoConnection()
#2 /home/dam/Melissa-AED/APIREST/institutoapi/vendor/laravel/framework/src/Illuminate/Database/Connectors/Connector.php(49): Illuminate\\Database\\Connectors\\Connector->tryAgainIfCausedByLostConnection()
#3 /home/dam/Melissa-AED/APIREST/institutoapi/vendor/laravel/framework/src/Illuminate/Database/Connectors/MySqlConnector.php(24): Illuminate\\Database\\Connectors\\Connector->createConnection()
#4 /home/dam/Melissa-AED/APIREST/institutoapi/vendor/laravel/framework/src/Illuminate/Database/Connectors/ConnectionFactory.php(184): Illuminate\\Database\\Connectors\\MySqlConnector->connect()
#5 [internal function]: Illuminate\\Database\\Connectors\\ConnectionFactory->Illuminate\\Database\\Connectors\\{closure}()
#6 /home/dam/Melissa-AED/APIREST/institutoapi/vendor/laravel/framework/src/Illuminate/Database/Connection.php(1339): call_user_func()
#7 /home/dam/Melissa-AED/APIREST/institutoapi/vendor/laravel/framework/src/Illuminate/Database/Connection.php(1288): Illuminate\\Database\\Connection->getPdo()
#8 /home/dam/Melissa-AED/APIREST/institutoapi/vendor/laravel/framework/src/Illuminate/Database/Connection.php(1272): Illuminate\\Database\\Connection->getDoctrineConnection()
#9 /home/dam/Melissa-AED/APIREST/institutoapi/vendor/krlove/eloquent-model-generator/src/TypeRegistry.php(53): Illuminate\\Database\\Connection->getDoctrineSchemaManager()
#10 /home/dam/Melissa-AED/APIREST/institutoapi/vendor/krlove/eloquent-model-generator/src/TypeRegistry.php(35): Krlove\\EloquentModelGenerator\\TypeRegistry->registerDoctrineTypeMapping()
#11 [internal function]: Krlove\\EloquentModelGenerator\\TypeRegistry->__construct()
#12 /home/dam/Melissa-AED/APIREST/institutoapi/vendor/laravel/framework/src/Illuminate/Container/Container.php(952): ReflectionClass->newInstanceArgs()
#13 /home/dam/Melissa-AED/APIREST/institutoapi/vendor/laravel/framework/src/Illuminate/Container/Container.php(293): Illuminate\\Container\\Container->build()
#14 /home/dam/Melissa-AED/APIREST/institutoapi/vendor/laravel/framework/src/Illuminate/Container/Container.php(908): Illuminate\\Container\\Container->Illuminate\\Container\\{closure}()
#15 /home/dam/Melissa-AED/APIREST/institutoapi/vendor/laravel/framework/src/Illuminate/Container/Container.php(795): Illuminate\\Container\\Container->build()
#16 /home/dam/Melissa-AED/APIREST/institutoapi/vendor/laravel/framework/src/Illuminate/Foundation/Application.php(963): Illuminate\\Container\\Container->resolve()
#17 /home/dam/Melissa-AED/APIREST/institutoapi/vendor/laravel/framework/src/Illuminate/Container/Container.php(731): Illuminate\\Foundation\\Application->resolve()
#18 /home/dam/Melissa-AED/APIREST/institutoapi/vendor/laravel/framework/src/Illuminate/Foundation/Application.php(948): Illuminate\\Container\\Container->make()
#19 /home/dam/Melissa-AED/APIREST/institutoapi/vendor/laravel/framework/src/Illuminate/Container/Container.php(1066): Illuminate\\Foundation\\Application->make()
#20 /home/dam/Melissa-AED/APIREST/institutoapi/vendor/laravel/framework/src/Illuminate/Container/Container.php(982): Illuminate\\Container\\Container->resolveClass()
#21 /home/dam/Melissa-AED/APIREST/institutoapi/vendor/laravel/framework/src/Illuminate/Container/Container.php(943): Illuminate\\Container\\Container->resolveDependencies()
#22 /home/dam/Melissa-AED/APIREST/institutoapi/vendor/laravel/framework/src/Illuminate/Container/Container.php(795): Illuminate\\Container\\Container->build()
#23 /home/dam/Melissa-AED/APIREST/institutoapi/vendor/laravel/framework/src/Illuminate/Foundation/Application.php(963): Illuminate\\Container\\Container->resolve()
#24 /home/dam/Melissa-AED/APIREST/institutoapi/vendor/laravel/framework/src/Illuminate/Container/Container.php(731): Illuminate\\Foundation\\Application->resolve()
#25 /home/dam/Melissa-AED/APIREST/institutoapi/vendor/laravel/framework/src/Illuminate/Foundation/Application.php(948): Illuminate\\Container\\Container->make()
#26 /home/dam/Melissa-AED/APIREST/institutoapi/vendor/laravel/framework/src/Illuminate/Container/Container.php(544): Illuminate\\Foundation\\Application->make()
#27 [internal function]: Illuminate\\Container\\Container->Illuminate\\Container\\{closure}()
#28 /home/dam/Melissa-AED/APIREST/institutoapi/vendor/krlove/eloquent-model-generator/src/Generator.php(23): iterator_to_array()
#29 /home/dam/Melissa-AED/APIREST/institutoapi/vendor/krlove/eloquent-model-generator/src/Provider/GeneratorServiceProvider.php(44): Krlove\\EloquentModelGenerator\\Generator->__construct()
#30 /home/dam/Melissa-AED/APIREST/institutoapi/vendor/laravel/framework/src/Illuminate/Container/Container.php(908): Krlove\\EloquentModelGenerator\\Provider\\GeneratorServiceProvider->Krlove\\EloquentModelGenerator\\Provider\\{closure}()
#31 /home/dam/Melissa-AED/APIREST/institutoapi/vendor/laravel/framework/src/Illuminate/Container/Container.php(795): Illuminate\\Container\\Container->build()
#32 /home/dam/Melissa-AED/APIREST/institutoapi/vendor/laravel/framework/src/Illuminate/Foundation/Application.php(963): Illuminate\\Container\\Container->resolve()
#33 /home/dam/Melissa-AED/APIREST/institutoapi/vendor/laravel/framework/src/Illuminate/Container/Container.php(731): Illuminate\\Foundation\\Application->resolve()
#34 /home/dam/Melissa-AED/APIREST/institutoapi/vendor/laravel/framework/src/Illuminate/Foundation/Application.php(948): Illuminate\\Container\\Container->make()
#35 /home/dam/Melissa-AED/APIREST/institutoapi/vendor/laravel/framework/src/Illuminate/Container/Container.php(1066): Illuminate\\Foundation\\Application->make()
#36 /home/dam/Melissa-AED/APIREST/institutoapi/vendor/laravel/framework/src/Illuminate/Container/Container.php(982): Illuminate\\Container\\Container->resolveClass()
#37 /home/dam/Melissa-AED/APIREST/institutoapi/vendor/laravel/framework/src/Illuminate/Container/Container.php(943): Illuminate\\Container\\Container->resolveDependencies()
#38 /home/dam/Melissa-AED/APIREST/institutoapi/vendor/laravel/framework/src/Illuminate/Container/Container.php(795): Illuminate\\Container\\Container->build()
#39 /home/dam/Melissa-AED/APIREST/institutoapi/vendor/laravel/framework/src/Illuminate/Foundation/Application.php(963): Illuminate\\Container\\Container->resolve()
#40 /home/dam/Melissa-AED/APIREST/institutoapi/vendor/laravel/framework/src/Illuminate/Container/Container.php(731): Illuminate\\Foundation\\Application->resolve()
#41 /home/dam/Melissa-AED/APIREST/institutoapi/vendor/laravel/framework/src/Illuminate/Foundation/Application.php(948): Illuminate\\Container\\Container->make()
#42 /home/dam/Melissa-AED/APIREST/institutoapi/vendor/laravel/framework/src/Illuminate/Console/Application.php(251): Illuminate\\Foundation\\Application->make()
#43 /home/dam/Melissa-AED/APIREST/institutoapi/vendor/laravel/framework/src/Illuminate/Console/Application.php(265): Illuminate\\Console\\Application->resolve()
#44 /home/dam/Melissa-AED/APIREST/institutoapi/vendor/laravel/framework/src/Illuminate/Support/ServiceProvider.php(404): Illuminate\\Console\\Application->resolveCommands()
#45 /home/dam/Melissa-AED/APIREST/institutoapi/vendor/laravel/framework/src/Illuminate/Console/Application.php(130): Illuminate\\Support\\ServiceProvider->Illuminate\\Support\\{closure}()
#46 /home/dam/Melissa-AED/APIREST/institutoapi/vendor/laravel/framework/src/Illuminate/Console/Application.php(77): Illuminate\\Console\\Application->bootstrap()
#47 /home/dam/Melissa-AED/APIREST/institutoapi/vendor/laravel/framework/src/Illuminate/Foundation/Console/Kernel.php(481): Illuminate\\Console\\Application->__construct()
#48 /home/dam/Melissa-AED/APIREST/institutoapi/vendor/laravel/framework/src/Illuminate/Foundation/Console/Kernel.php(201): Illuminate\\Foundation\\Console\\Kernel->getArtisan()
#49 Command line code(1): Illuminate\\Foundation\\Console\\Kernel->handle()
#50 {main}
"} 
[2024-12-05 18:20:18] local.ERROR: SQLSTATE[HY000] [2002] Connection refused {"exception":"[object] (PDOException(code: 2002): SQLSTATE[HY000] [2002] Connection refused at /home/dam/Melissa-AED/APIREST/institutoapi/vendor/laravel/framework/src/Illuminate/Database/Connectors/Connector.php:65)
[stacktrace]
#0 /home/dam/Melissa-AED/APIREST/institutoapi/vendor/laravel/framework/src/Illuminate/Database/Connectors/Connector.php(65): PDO->__construct()
#1 /home/dam/Melissa-AED/APIREST/institutoapi/vendor/laravel/framework/src/Illuminate/Database/Connectors/Connector.php(83): Illuminate\\Database\\Connectors\\Connector->createPdoConnection()
#2 /home/dam/Melissa-AED/APIREST/institutoapi/vendor/laravel/framework/src/Illuminate/Database/Connectors/Connector.php(49): Illuminate\\Database\\Connectors\\Connector->tryAgainIfCausedByLostConnection()
#3 /home/dam/Melissa-AED/APIREST/institutoapi/vendor/laravel/framework/src/Illuminate/Database/Connectors/MySqlConnector.php(24): Illuminate\\Database\\Connectors\\Connector->createConnection()
#4 /home/dam/Melissa-AED/APIREST/institutoapi/vendor/laravel/framework/src/Illuminate/Database/Connectors/ConnectionFactory.php(184): Illuminate\\Database\\Connectors\\MySqlConnector->connect()
#5 [internal function]: Illuminate\\Database\\Connectors\\ConnectionFactory->Illuminate\\Database\\Connectors\\{closure}()
#6 /home/dam/Melissa-AED/APIREST/institutoapi/vendor/laravel/framework/src/Illuminate/Database/Connection.php(1339): call_user_func()
#7 /home/dam/Melissa-AED/APIREST/institutoapi/vendor/laravel/framework/src/Illuminate/Database/Connection.php(1288): Illuminate\\Database\\Connection->getPdo()
#8 /home/dam/Melissa-AED/APIREST/institutoapi/vendor/laravel/framework/src/Illuminate/Database/Connection.php(1272): Illuminate\\Database\\Connection->getDoctrineConnection()
#9 /home/dam/Melissa-AED/APIREST/institutoapi/vendor/krlove/eloquent-model-generator/src/TypeRegistry.php(53): Illuminate\\Database\\Connection->getDoctrineSchemaManager()
#10 /home/dam/Melissa-AED/APIREST/institutoapi/vendor/krlove/eloquent-model-generator/src/TypeRegistry.php(35): Krlove\\EloquentModelGenerator\\TypeRegistry->registerDoctrineTypeMapping()
#11 [internal function]: Krlove\\EloquentModelGenerator\\TypeRegistry->__construct()
#12 /home/dam/Melissa-AED/APIREST/institutoapi/vendor/laravel/framework/src/Illuminate/Container/Container.php(952): ReflectionClass->newInstanceArgs()
#13 /home/dam/Melissa-AED/APIREST/institutoapi/vendor/laravel/framework/src/Illuminate/Container/Container.php(293): Illuminate\\Container\\Container->build()
#14 /home/dam/Melissa-AED/APIREST/institutoapi/vendor/laravel/framework/src/Illuminate/Container/Container.php(908): Illuminate\\Container\\Container->Illuminate\\Container\\{closure}()
#15 /home/dam/Melissa-AED/APIREST/institutoapi/vendor/laravel/framework/src/Illuminate/Container/Container.php(795): Illuminate\\Container\\Container->build()
#16 /home/dam/Melissa-AED/APIREST/institutoapi/vendor/laravel/framework/src/Illuminate/Foundation/Application.php(963): Illuminate\\Container\\Container->resolve()
#17 /home/dam/Melissa-AED/APIREST/institutoapi/vendor/laravel/framework/src/Illuminate/Container/Container.php(731): Illuminate\\Foundation\\Application->resolve()
#18 /home/dam/Melissa-AED/APIREST/institutoapi/vendor/laravel/framework/src/Illuminate/Foundation/Application.php(948): Illuminate\\Container\\Container->make()
#19 /home/dam/Melissa-AED/APIREST/institutoapi/vendor/laravel/framework/src/Illuminate/Container/Container.php(1066): Illuminate\\Foundation\\Application->make()
#20 /home/dam/Melissa-AED/APIREST/institutoapi/vendor/laravel/framework/src/Illuminate/Container/Container.php(982): Illuminate\\Container\\Container->resolveClass()
#21 /home/dam/Melissa-AED/APIREST/institutoapi/vendor/laravel/framework/src/Illuminate/Container/Container.php(943): Illuminate\\Container\\Container->resolveDependencies()
#22 /home/dam/Melissa-AED/APIREST/institutoapi/vendor/laravel/framework/src/Illuminate/Container/Container.php(795): Illuminate\\Container\\Container->build()
#23 /home/dam/Melissa-AED/APIREST/institutoapi/vendor/laravel/framework/src/Illuminate/Foundation/Application.php(963): Illuminate\\Container\\Container->resolve()
#24 /home/dam/Melissa-AED/APIREST/institutoapi/vendor/laravel/framework/src/Illuminate/Container/Container.php(731): Illuminate\\Foundation\\Application->resolve()
#25 /home/dam/Melissa-AED/APIREST/institutoapi/vendor/laravel/framework/src/Illuminate/Foundation/Application.php(948): Illuminate\\Container\\Container->make()
#26 /home/dam/Melissa-AED/APIREST/institutoapi/vendor/laravel/framework/src/Illuminate/Container/Container.php(544): Illuminate\\Foundation\\Application->make()
#27 [internal function]: Illuminate\\Container\\Container->Illuminate\\Container\\{closure}()
#28 /home/dam/Melissa-AED/APIREST/institutoapi/vendor/krlove/eloquent-model-generator/src/Generator.php(23): iterator_to_array()
#29 /home/dam/Melissa-AED/APIREST/institutoapi/vendor/krlove/eloquent-model-generator/src/Provider/GeneratorServiceProvider.php(44): Krlove\\EloquentModelGenerator\\Generator->__construct()
#30 /home/dam/Melissa-AED/APIREST/institutoapi/vendor/laravel/framework/src/Illuminate/Container/Container.php(908): Krlove\\EloquentModelGenerator\\Provider\\GeneratorServiceProvider->Krlove\\EloquentModelGenerator\\Provider\\{closure}()
#31 /home/dam/Melissa-AED/APIREST/institutoapi/vendor/laravel/framework/src/Illuminate/Container/Container.php(795): Illuminate\\Container\\Container->build()
#32 /home/dam/Melissa-AED/APIREST/institutoapi/vendor/laravel/framework/src/Illuminate/Foundation/Application.php(963): Illuminate\\Container\\Container->resolve()
#33 /home/dam/Melissa-AED/APIREST/institutoapi/vendor/laravel/framework/src/Illuminate/Container/Container.php(731): Illuminate\\Foundation\\Application->resolve()
#34 /home/dam/Melissa-AED/APIREST/institutoapi/vendor/laravel/framework/src/Illuminate/Foundation/Application.php(948): Illuminate\\Container\\Container->make()
#35 /home/dam/Melissa-AED/APIREST/institutoapi/vendor/laravel/framework/src/Illuminate/Container/Container.php(1066): Illuminate\\Foundation\\Application->make()
#36 /home/dam/Melissa-AED/APIREST/institutoapi/vendor/laravel/framework/src/Illuminate/Container/Container.php(982): Illuminate\\Container\\Container->resolveClass()
#37 /home/dam/Melissa-AED/APIREST/institutoapi/vendor/laravel/framework/src/Illuminate/Container/Container.php(943): Illuminate\\Container\\Container->resolveDependencies()
#38 /home/dam/Melissa-AED/APIREST/institutoapi/vendor/laravel/framework/src/Illuminate/Container/Container.php(795): Illuminate\\Container\\Container->build()
#39 /home/dam/Melissa-AED/APIREST/institutoapi/vendor/laravel/framework/src/Illuminate/Foundation/Application.php(963): Illuminate\\Container\\Container->resolve()
#40 /home/dam/Melissa-AED/APIREST/institutoapi/vendor/laravel/framework/src/Illuminate/Container/Container.php(731): Illuminate\\Foundation\\Application->resolve()
#41 /home/dam/Melissa-AED/APIREST/institutoapi/vendor/laravel/framework/src/Illuminate/Foundation/Application.php(948): Illuminate\\Container\\Container->make()
#42 /home/dam/Melissa-AED/APIREST/institutoapi/vendor/laravel/framework/src/Illuminate/Console/Application.php(251): Illuminate\\Foundation\\Application->make()
#43 /home/dam/Melissa-AED/APIREST/institutoapi/vendor/laravel/framework/src/Illuminate/Console/Application.php(265): Illuminate\\Console\\Application->resolve()
#44 /home/dam/Melissa-AED/APIREST/institutoapi/vendor/laravel/framework/src/Illuminate/Support/ServiceProvider.php(404): Illuminate\\Console\\Application->resolveCommands()
#45 /home/dam/Melissa-AED/APIREST/institutoapi/vendor/laravel/framework/src/Illuminate/Console/Application.php(130): Illuminate\\Support\\ServiceProvider->Illuminate\\Support\\{closure}()
#46 /home/dam/Melissa-AED/APIREST/institutoapi/vendor/laravel/framework/src/Illuminate/Console/Application.php(77): Illuminate\\Console\\Application->bootstrap()
#47 /home/dam/Melissa-AED/APIREST/institutoapi/vendor/laravel/framework/src/Illuminate/Foundation/Console/Kernel.php(481): Illuminate\\Console\\Application->__construct()
#48 /home/dam/Melissa-AED/APIREST/institutoapi/vendor/laravel/framework/src/Illuminate/Foundation/Console/Kernel.php(201): Illuminate\\Foundation\\Console\\Kernel->getArtisan()
#49 Command line code(1): Illuminate\\Foundation\\Console\\Kernel->handle()
#50 {main}
"} 
